Log file open, 10/12/21 22:28:20
LogWindows: Failed to load 'aqProf.dll' (GetLastError=126)
LogWindows: File 'aqProf.dll' does not exist
LogWindows: Failed to load 'VtuneApi.dll' (GetLastError=126)
LogWindows: File 'VtuneApi.dll' does not exist
LogWindows: Failed to load 'VtuneApi32e.dll' (GetLastError=126)
LogWindows: File 'VtuneApi32e.dll' does not exist
LogConsoleResponse: Display: Failed to find resolution value strings in scalability ini. Falling back to default.
LogInit: Display: Running engine for game: MyProject
LogPakFile: Registered encryption key '00000000000000000000000000000000': 0 pak files mounted, 0 remain pending
LogPlatformFile: Not using cached read wrapper
LogTaskGraph: Started task graph with 5 named threads and 23 total threads with 3 sets of task threads.
LogStats: Stats thread started at 0.414484
LogD3D11RHI: Loaded GFSDK_Aftermath_Lib.x64.dll
LogICUInternationalization: ICU TimeZone Detection - Raw Offset: -6:00, Platform Override: ''
LogPluginManager: Mounting plugin Paper2D
LogPluginManager: Mounting plugin AISupport
LogPluginManager: Mounting plugin LightPropagationVolume
LogPluginManager: Mounting plugin ActorLayerUtilities
LogPluginManager: Mounting plugin CLionSourceCodeAccess
LogPluginManager: Mounting plugin CodeLiteSourceCodeAccess
LogPluginManager: Mounting plugin GitSourceControl
LogPluginManager: Mounting plugin KDevelopSourceCodeAccess
LogPluginManager: Mounting plugin NullSourceCodeAccess
LogPluginManager: Mounting plugin PerforceSourceControl
LogPluginManager: Mounting plugin SubversionSourceControl
LogPluginManager: Mounting plugin UObjectPlugin
LogPluginManager: Mounting plugin VisualStudioCodeSourceCodeAccess
LogPluginManager: Mounting plugin VisualStudioSourceCodeAccess
LogPluginManager: Mounting plugin XCodeSourceCodeAccess
LogPluginManager: Mounting plugin AssetManagerEditor
LogPluginManager: Mounting plugin CryptoKeys
LogPluginManager: Mounting plugin DataValidation
LogPluginManager: Mounting plugin FacialAnimation
LogPluginManager: Mounting plugin GameplayTagsEditor
LogPluginManager: Mounting plugin MacGraphicsSwitching
LogPluginManager: Mounting plugin MeshEditor
LogPluginManager: Mounting plugin MobileLauncherProfileWizard
LogPluginManager: Mounting plugin PluginBrowser
LogPluginManager: Mounting plugin SpeedTreeImporter
LogPluginManager: Mounting plugin DatasmithContent
LogPluginManager: Mounting plugin VariantManagerContent
LogPluginManager: Mounting plugin AlembicImporter
LogPluginManager: Mounting plugin AppleImageUtils
LogPluginManager: Mounting plugin AppleVision
LogPluginManager: Mounting plugin BackChannel
LogPluginManager: Mounting plugin CharacterAI
LogPluginManager: Mounting plugin GeometryCache
LogPluginManager: Mounting plugin HTML5Networking
LogPluginManager: Mounting plugin ProxyLODPlugin
LogPluginManager: Mounting plugin MagicLeap
LogPluginManager: Mounting plugin MagicLeapMedia
LogPluginManager: Mounting plugin AndroidMedia
LogPluginManager: Mounting plugin AvfMedia
LogPluginManager: Mounting plugin ImgMedia
LogPluginManager: Mounting plugin LinearTimecode
LogPluginManager: Mounting plugin MediaCompositing
LogPluginManager: Mounting plugin MediaPlayerEditor
LogPluginManager: Mounting plugin WebMMedia
LogPluginManager: Mounting plugin WmfMedia
LogPluginManager: Mounting plugin TcpMessaging
LogPluginManager: Mounting plugin UdpMessaging
LogPluginManager: Mounting plugin ActorSequence
LogPluginManager: Mounting plugin LevelSequenceEditor
LogPluginManager: Mounting plugin MatineeToLevelSequence
LogPluginManager: Mounting plugin NetcodeUnitTest
LogPluginManager: Mounting plugin NUTUnrealEngine4
LogPluginManager: Mounting plugin OnlineSubsystemGooglePlay
LogPluginManager: Mounting plugin OnlineSubsystemIOS
LogPluginManager: Mounting plugin OnlineSubsystem
LogPluginManager: Mounting plugin OnlineSubsystemNull
LogPluginManager: Mounting plugin OnlineSubsystemUtils
LogPluginManager: Mounting plugin LauncherChunkInstaller
LogPluginManager: Mounting plugin AndroidDeviceProfileSelector
LogPluginManager: Mounting plugin AndroidMoviePlayer
LogPluginManager: Mounting plugin AndroidPermission
LogPluginManager: Mounting plugin AppleMoviePlayer
LogPluginManager: Mounting plugin ArchVisCharacter
LogPluginManager: Mounting plugin AudioCapture
LogPluginManager: Mounting plugin CableComponent
LogPluginManager: Mounting plugin CustomMeshComponent
LogPluginManager: Mounting plugin EditableMesh
LogPluginManager: Mounting plugin ExampleDeviceProfileSelector
LogPluginManager: Mounting plugin Firebase
LogPluginManager: Mounting plugin GoogleCloudMessaging
LogPluginManager: Mounting plugin IOSDeviceProfileSelector
LogPluginManager: Mounting plugin LinuxDeviceProfileSelector
LogPluginManager: Mounting plugin LocationServicesBPLibrary
LogPluginManager: Mounting plugin MobilePatchingUtils
LogPluginManager: Mounting plugin OculusVR
LogPluginManager: Mounting plugin PhysXVehicles
LogPluginManager: Mounting plugin ProceduralMeshComponent
LogPluginManager: Mounting plugin RuntimePhysXCooking
LogPluginManager: Mounting plugin SteamVR
LogPluginManager: Mounting plugin WebMMoviePlayer
LogPluginManager: Mounting plugin WindowsMoviePlayer
LogStreaming: Display: Took  0.125s to configure plugins.
LogInit: Using libcurl 7.55.1-DEV
LogInit:  - built for x86_64-pc-win32
LogInit:  - supports SSL with OpenSSL/1.0.2h
LogInit:  - supports HTTP deflate (compression) using libz 1.2.8
LogInit:  - other features:
LogInit:      CURL_VERSION_SSL
LogInit:      CURL_VERSION_LIBZ
LogInit:      CURL_VERSION_IPV6
LogInit:      CURL_VERSION_ASYNCHDNS
LogInit:      CURL_VERSION_LARGEFILE
LogInit:      CURL_VERSION_IDN
LogInit:  CurlRequestOptions (configurable via config and command line):
LogInit:  - bVerifyPeer = true  - Libcurl will verify peer certificate
LogInit:  - bUseHttpProxy = false  - Libcurl will NOT use HTTP proxy
LogInit:  - bDontReuseConnections = false  - Libcurl will reuse connections
LogInit:  - MaxHostConnections = 16  - Libcurl will limit the number of connections to a host
LogInit:  - LocalHostAddr = Default
LogInit:  - BufferSize = 65536
LogInit: WinSock: version 1.1 (2.2), MaxSocks=32767, MaxUdp=65467
LogInit: Build: ++UE4+Release-4.21-CL-4753647
LogInit: Engine Version: 4.21.2-4753647+++UE4+Release-4.21
LogInit: Compatible Engine Version: 4.21.0-4541578+++UE4+Release-4.21
LogInit: Net CL: 4541578
LogInit: OS: Windows 10 (), CPU: Intel(R) Core(TM) i7-6700HQ CPU @ 2.60GHz, GPU: Intel(R) HD Graphics 530
LogInit: Compiled (64-bit): Jan 19 2019 02:07:31
LogInit: Compiled with Visual C++: 19.13.26129.00
LogInit: Build Configuration: Development
LogInit: Branch Name: ++UE4+Release-4.21
LogInit: Command Line: 
LogInit: Base Directory: C:/Program Files/Epic Games/UE_4.21/Engine/Binaries/Win64/
LogInit: Installed Engine Build: 1
LogDevObjectVersion: Number of dev versions registered: 22
LogDevObjectVersion:   Dev-Blueprints (B0D832E4-1F89-4F0D-ACCF-7EB736FD4AA2): 10
LogDevObjectVersion:   Dev-Build (E1C64328-A22C-4D53-A36C-8E866417BD8C): 0
LogDevObjectVersion:   Dev-Core (375EC13C-06E4-48FB-B500-84F0262A717E): 2
LogDevObjectVersion:   Dev-Editor (E4B068ED-F494-42E9-A231-DA0B2E46BB41): 26
LogDevObjectVersion:   Dev-Framework (CFFC743F-43B0-4480-9391-14DF171D2073): 34
LogDevObjectVersion:   Dev-Mobile (B02B49B5-BB20-44E9-A304-32B752E40360): 2
LogDevObjectVersion:   Dev-Networking (A4E4105C-59A1-49B5-A7C5-40C4547EDFEE): 0
LogDevObjectVersion:   Dev-Online (39C831C9-5AE6-47DC-9A44-9C173E1C8E7C): 0
LogDevObjectVersion:   Dev-Physics (78F01B33-EBEA-4F98-B9B4-84EACCB95AA2): 0
LogDevObjectVersion:   Dev-Platform (6631380F-2D4D-43E0-8009-CF276956A95A): 0
LogDevObjectVersion:   Dev-Rendering (12F88B9F-8875-4AFC-A67C-D90C383ABD29): 27
LogDevObjectVersion:   Dev-Sequencer (7B5AE74C-D270-4C10-A958-57980B212A5A): 9
LogDevObjectVersion:   Dev-VR (D7296918-1DD6-4BDD-9DE2-64A83CC13884): 2
LogDevObjectVersion:   Dev-LoadTimes (C2A15278-BFE7-4AFE-6C17-90FF531DF755): 1
LogDevObjectVersion:   Private-Geometry (6EACA3D4-40EC-4CC1-B786-8BED09428FC5): 3
LogDevObjectVersion:   Dev-AnimPhys (29E575DD-E0A3-4627-9D10-D276232CDCEA): 17
LogDevObjectVersion:   Dev-Anim (AF43A65D-7FD3-4947-9873-3E8ED9C1BB05): 2
LogDevObjectVersion:   Dev-ReflectionCapture (6B266CEC-1EC7-4B8F-A30B-E4D90942FC07): 1
LogDevObjectVersion:   Dev-Automation (0DF73D61-A23F-47EA-B727-89E90C41499A): 1
LogDevObjectVersion:   FortniteMain (601D1886-AC64-4F84-AA16-D3DE0DEAC7D6): 17
LogDevObjectVersion:   Dev-Enterprise (9DFFBCD6-494F-0158-E221-12823C92A888): 4
LogDevObjectVersion:   Dev-Niagara (F2AED0AC-9AFE-416F-8664-AA7FFA26D6FC): 1
LogStreaming: Display: Took  0.000s to delete old logs.
LogInit: Presizing for max 8388607 objects, including 0 objects not considered by GC, pre-allocating 0 bytes for permanent pool.
LogInit: Object subsystem initialized
LogConfig: Setting CVar [[con.DebugEarlyDefault:1]]
LogConfig: Setting CVar [[r.setres:1280x720]]
[2021.10.13-03.28.20:944][  0]LogConfig: Setting CVar [[r.VSync:0]]
[2021.10.13-03.28.20:944][  0]LogConfig: Setting CVar [[r.RHICmdBypass:0]]
[2021.10.13-03.28.20:944][  0]LogConfig: Applying CVar settings from Section [/Script/Engine.RendererSettings] File [C:/Users/Mo/Documents/GitHub/GAME-2303/UnrealPlatformer/SimpleUnrealPlatformer/Saved/Config/Windows/Engine.ini]
[2021.10.13-03.28.20:944][  0]LogConfig: Setting CVar [[r.GPUCrashDebugging:0]]
[2021.10.13-03.28.20:944][  0]LogConfig: Applying CVar settings from Section [/Script/Engine.RendererOverrideSettings] File [C:/Users/Mo/Documents/GitHub/GAME-2303/UnrealPlatformer/SimpleUnrealPlatformer/Saved/Config/Windows/Engine.ini]
[2021.10.13-03.28.20:944][  0]LogConfig: Applying CVar settings from Section [/Script/Engine.StreamingSettings] File [C:/Users/Mo/Documents/GitHub/GAME-2303/UnrealPlatformer/SimpleUnrealPlatformer/Saved/Config/Windows/Engine.ini]
[2021.10.13-03.28.20:944][  0]LogConfig: Setting CVar [[s.MinBulkDataSizeForAsyncLoading:131072]]
[2021.10.13-03.28.20:944][  0]LogConfig: Setting CVar [[s.AsyncLoadingThreadEnabled:0]]
[2021.10.13-03.28.20:944][  0]LogConfig: Setting CVar [[s.EventDrivenLoaderEnabled:1]]
[2021.10.13-03.28.20:944][  0]LogConfig: Setting CVar [[s.WarnIfTimeLimitExceeded:0]]
[2021.10.13-03.28.20:944][  0]LogConfig: Setting CVar [[s.TimeLimitExceededMultiplier:1.5]]
[2021.10.13-03.28.20:944][  0]LogConfig: Setting CVar [[s.TimeLimitExceededMinTime:0.005]]
[2021.10.13-03.28.20:944][  0]LogConfig: Setting CVar [[s.UseBackgroundLevelStreaming:1]]
[2021.10.13-03.28.20:944][  0]LogConfig: Setting CVar [[s.PriorityAsyncLoadingExtraTime:15.0]]
[2021.10.13-03.28.20:944][  0]LogConfig: Setting CVar [[s.LevelStreamingActorsUpdateTimeLimit:5.0]]
[2021.10.13-03.28.20:944][  0]LogConfig: Setting CVar [[s.PriorityLevelStreamingActorsUpdateExtraTime:5.0]]
[2021.10.13-03.28.20:944][  0]LogConfig: Setting CVar [[s.LevelStreamingComponentsRegistrationGranularity:10]]
[2021.10.13-03.28.20:944][  0]LogConfig: Setting CVar [[s.UnregisterComponentsTimeLimit:1.0]]
[2021.10.13-03.28.20:944][  0]LogConfig: Setting CVar [[s.LevelStreamingComponentsUnregistrationGranularity:5]]
[2021.10.13-03.28.20:944][  0]LogConfig: Applying CVar settings from Section [/Script/Engine.GarbageCollectionSettings] File [C:/Users/Mo/Documents/GitHub/GAME-2303/UnrealPlatformer/SimpleUnrealPlatformer/Saved/Config/Windows/Engine.ini]
[2021.10.13-03.28.20:945][  0]LogConfig: Setting CVar [[gc.MaxObjectsNotConsideredByGC:1]]
[2021.10.13-03.28.20:945][  0]LogConfig: Setting CVar [[gc.SizeOfPermanentObjectPool:0]]
[2021.10.13-03.28.20:945][  0]LogConfig: Setting CVar [[gc.FlushStreamingOnGC:0]]
[2021.10.13-03.28.20:945][  0]LogConfig: Setting CVar [[gc.NumRetriesBeforeForcingGC:10]]
[2021.10.13-03.28.20:945][  0]LogConfig: Setting CVar [[gc.AllowParallelGC:1]]
[2021.10.13-03.28.20:945][  0]LogConfig: Setting CVar [[gc.TimeBetweenPurgingPendingKillObjects:61.1]]
[2021.10.13-03.28.20:945][  0]LogConfig: Setting CVar [[gc.MaxObjectsInEditor:8388607]]
[2021.10.13-03.28.20:945][  0]LogConfig: Setting CVar [[gc.IncrementalBeginDestroyEnabled:1]]
[2021.10.13-03.28.20:945][  0]LogConfig: Setting CVar [[gc.CreateGCClusters:1]]
[2021.10.13-03.28.20:945][  0]LogConfig: Setting CVar [[gc.MergeGCClusters:0]]
[2021.10.13-03.28.20:945][  0]LogConfig: Setting CVar [[gc.MinGCClusterSize:5]]
[2021.10.13-03.28.20:945][  0]LogConfig: Setting CVar [[gc.ActorClusteringEnabled:0]]
[2021.10.13-03.28.20:945][  0]LogConfig: Setting CVar [[gc.BlueprintClusteringEnabled:0]]
[2021.10.13-03.28.20:945][  0]LogConfig: Setting CVar [[gc.UseDisregardForGCOnDedicatedServers:0]]
[2021.10.13-03.28.20:945][  0]LogConfig: Applying CVar settings from Section [/Script/Engine.NetworkSettings] File [C:/Users/Mo/Documents/GitHub/GAME-2303/UnrealPlatformer/SimpleUnrealPlatformer/Saved/Config/Windows/Engine.ini]
[2021.10.13-03.28.20:945][  0]LogConfig: Applying CVar settings from Section [/Script/UnrealEd.CookerSettings] File [C:/Users/Mo/Documents/GitHub/GAME-2303/UnrealPlatformer/SimpleUnrealPlatformer/Saved/Config/Windows/Engine.ini]
[2021.10.13-03.28.20:955][  0]LogConfig: Applying CVar settings from Section [ViewDistanceQuality@3] File [C:/Users/Mo/Documents/GitHub/GAME-2303/UnrealPlatformer/SimpleUnrealPlatformer/Saved/Config/Windows/Scalability.ini]
[2021.10.13-03.28.20:955][  0]LogConfig: Setting CVar [[r.SkeletalMeshLODBias:0]]
[2021.10.13-03.28.20:955][  0]LogConfig: Setting CVar [[r.ViewDistanceScale:1.0]]
[2021.10.13-03.28.20:955][  0]LogConfig: Applying CVar settings from Section [AntiAliasingQuality@3] File [C:/Users/Mo/Documents/GitHub/GAME-2303/UnrealPlatformer/SimpleUnrealPlatformer/Saved/Config/Windows/Scalability.ini]
[2021.10.13-03.28.20:955][  0]LogConfig: Setting CVar [[r.PostProcessAAQuality:4]]
[2021.10.13-03.28.20:955][  0]LogConfig: Applying CVar settings from Section [ShadowQuality@3] File [C:/Users/Mo/Documents/GitHub/GAME-2303/UnrealPlatformer/SimpleUnrealPlatformer/Saved/Config/Windows/Scalability.ini]
[2021.10.13-03.28.20:955][  0]LogConfig: Setting CVar [[r.LightFunctionQuality:1]]
[2021.10.13-03.28.20:955][  0]LogConfig: Setting CVar [[r.ShadowQuality:5]]
[2021.10.13-03.28.20:955][  0]LogConfig: Setting CVar [[r.Shadow.CSM.MaxCascades:10]]
[2021.10.13-03.28.20:955][  0]LogConfig: Setting CVar [[r.Shadow.MaxResolution:2048]]
[2021.10.13-03.28.20:955][  0]LogConfig: Setting CVar [[r.Shadow.MaxCSMResolution:2048]]
[2021.10.13-03.28.20:955][  0]LogConfig: Setting CVar [[r.Shadow.RadiusThreshold:0.01]]
[2021.10.13-03.28.20:955][  0]LogConfig: Setting CVar [[r.Shadow.DistanceScale:1.0]]
[2021.10.13-03.28.20:955][  0]LogConfig: Setting CVar [[r.Shadow.CSM.TransitionScale:1.0]]
[2021.10.13-03.28.20:955][  0]LogConfig: Setting CVar [[r.Shadow.PreShadowResolutionFactor:1.0]]
[2021.10.13-03.28.20:955][  0]LogConfig: Setting CVar [[r.DistanceFieldShadowing:1]]
[2021.10.13-03.28.20:955][  0]LogConfig: Setting CVar [[r.DistanceFieldAO:1]]
[2021.10.13-03.28.20:955][  0]LogConfig: Setting CVar [[r.AOQuality:2]]
[2021.10.13-03.28.20:955][  0]LogConfig: Setting CVar [[r.VolumetricFog:1]]
[2021.10.13-03.28.20:955][  0]LogConfig: Setting CVar [[r.VolumetricFog.GridPixelSize:8]]
[2021.10.13-03.28.20:955][  0]LogConfig: Setting CVar [[r.VolumetricFog.GridSizeZ:128]]
[2021.10.13-03.28.20:955][  0]LogConfig: Setting CVar [[r.VolumetricFog.HistoryMissSupersampleCount:4]]
[2021.10.13-03.28.20:955][  0]LogConfig: Setting CVar [[r.LightMaxDrawDistanceScale:1]]
[2021.10.13-03.28.20:955][  0]LogConfig: Setting CVar [[r.CapsuleShadows:1]]
[2021.10.13-03.28.20:956][  0]LogConfig: Applying CVar settings from Section [PostProcessQuality@3] File [C:/Users/Mo/Documents/GitHub/GAME-2303/UnrealPlatformer/SimpleUnrealPlatformer/Saved/Config/Windows/Scalability.ini]
[2021.10.13-03.28.20:956][  0]LogConfig: Setting CVar [[r.MotionBlurQuality:4]]
[2021.10.13-03.28.20:956][  0]LogConfig: Setting CVar [[r.AmbientOcclusionMipLevelFactor:0.4]]
[2021.10.13-03.28.20:956][  0]LogConfig: Setting CVar [[r.AmbientOcclusionMaxQuality:100]]
[2021.10.13-03.28.20:956][  0]LogConfig: Setting CVar [[r.AmbientOcclusionLevels:-1]]
[2021.10.13-03.28.20:956][  0]LogConfig: Setting CVar [[r.AmbientOcclusionRadiusScale:1.0]]
[2021.10.13-03.28.20:956][  0]LogConfig: Setting CVar [[r.DepthOfFieldQuality:2]]
[2021.10.13-03.28.20:956][  0]LogConfig: Setting CVar [[r.RenderTargetPoolMin:400]]
[2021.10.13-03.28.20:956][  0]LogConfig: Setting CVar [[r.LensFlareQuality:2]]
[2021.10.13-03.28.20:956][  0]LogConfig: Setting CVar [[r.SceneColorFringeQuality:1]]
[2021.10.13-03.28.20:956][  0]LogConfig: Setting CVar [[r.EyeAdaptationQuality:2]]
[2021.10.13-03.28.20:956][  0]LogConfig: Setting CVar [[r.BloomQuality:5]]
[2021.10.13-03.28.20:956][  0]LogConfig: Setting CVar [[r.FastBlurThreshold:100]]
[2021.10.13-03.28.20:956][  0]LogConfig: Setting CVar [[r.Upscale.Quality:3]]
[2021.10.13-03.28.20:956][  0]LogConfig: Setting CVar [[r.Tonemapper.GrainQuantization:1]]
[2021.10.13-03.28.20:956][  0]LogConfig: Setting CVar [[r.LightShaftQuality:1]]
[2021.10.13-03.28.20:956][  0]LogConfig: Setting CVar [[r.Filter.SizeScale:1]]
[2021.10.13-03.28.20:956][  0]LogConfig: Setting CVar [[r.Tonemapper.Quality:5]]
[2021.10.13-03.28.20:956][  0]LogConfig: Setting CVar [[r.DOF.Gather.AccumulatorQuality:1        ; higher gathering accumulator quality]]
[2021.10.13-03.28.20:956][  0]LogConfig: Setting CVar [[r.DOF.Gather.PostfilterMethod:1          ; Median3x3 postfilering method]]
[2021.10.13-03.28.20:956][  0]LogConfig: Setting CVar [[r.DOF.Gather.EnableBokehSettings:0       ; no bokeh simulation when gathering]]
[2021.10.13-03.28.20:956][  0]LogConfig: Setting CVar [[r.DOF.Gather.RingCount:4                 ; medium number of samples when gathering]]
[2021.10.13-03.28.20:956][  0]LogConfig: Setting CVar [[r.DOF.Scatter.ForegroundCompositing:1    ; additive foreground scattering]]
[2021.10.13-03.28.20:956][  0]LogConfig: Setting CVar [[r.DOF.Scatter.BackgroundCompositing:2    ; additive background scattering]]
[2021.10.13-03.28.20:956][  0]LogConfig: Setting CVar [[r.DOF.Scatter.EnableBokehSettings:1      ; bokeh simulation when scattering]]
[2021.10.13-03.28.20:956][  0]LogConfig: Setting CVar [[r.DOF.Scatter.MaxSpriteRatio:0.1         ; only a maximum of 10% of scattered bokeh]]
[2021.10.13-03.28.20:956][  0]LogConfig: Setting CVar [[r.DOF.Recombine.Quality:1                ; cheap slight out of focus]]
[2021.10.13-03.28.20:956][  0]LogConfig: Setting CVar [[r.DOF.Recombine.EnableBokehSettings:0    ; no bokeh simulation on slight out of focus]]
[2021.10.13-03.28.20:956][  0]LogConfig: Setting CVar [[r.DOF.TemporalAAQuality:1                ; more stable temporal accumulation]]
[2021.10.13-03.28.20:956][  0]LogConfig: Setting CVar [[r.DOF.Kernel.MaxForegroundRadius:0.025]]
[2021.10.13-03.28.20:956][  0]LogConfig: Setting CVar [[r.DOF.Kernel.MaxBackgroundRadius:0.025]]
[2021.10.13-03.28.20:956][  0]LogConfig: Applying CVar settings from Section [TextureQuality@3] File [C:/Users/Mo/Documents/GitHub/GAME-2303/UnrealPlatformer/SimpleUnrealPlatformer/Saved/Config/Windows/Scalability.ini]
[2021.10.13-03.28.20:956][  0]LogConfig: Setting CVar [[r.Streaming.MipBias:0]]
[2021.10.13-03.28.20:956][  0]LogConfig: Setting CVar [[r.Streaming.AmortizeCPUToGPUCopy:0]]
[2021.10.13-03.28.20:956][  0]LogConfig: Setting CVar [[r.Streaming.MaxNumTexturesToStreamPerFrame:0]]
[2021.10.13-03.28.20:956][  0]LogConfig: Setting CVar [[r.Streaming.Boost:1]]
[2021.10.13-03.28.20:956][  0]LogConfig: Setting CVar [[r.MaxAnisotropy:8]]
[2021.10.13-03.28.20:956][  0]LogConfig: Setting CVar [[r.Streaming.LimitPoolSizeToVRAM:0]]
[2021.10.13-03.28.20:956][  0]LogConfig: Setting CVar [[r.Streaming.PoolSize:1000]]
[2021.10.13-03.28.20:956][  0]LogConfig: Setting CVar [[r.Streaming.MaxEffectiveScreenSize:0]]
[2021.10.13-03.28.20:956][  0]LogConfig: Applying CVar settings from Section [EffectsQuality@3] File [C:/Users/Mo/Documents/GitHub/GAME-2303/UnrealPlatformer/SimpleUnrealPlatformer/Saved/Config/Windows/Scalability.ini]
[2021.10.13-03.28.20:956][  0]LogConfig: Setting CVar [[r.TranslucencyLightingVolumeDim:64]]
[2021.10.13-03.28.20:956][  0]LogConfig: Setting CVar [[r.RefractionQuality:2]]
[2021.10.13-03.28.20:956][  0]LogConfig: Setting CVar [[r.SSR.Quality:3]]
[2021.10.13-03.28.20:956][  0]LogConfig: Setting CVar [[r.SceneColorFormat:4]]
[2021.10.13-03.28.20:956][  0]LogConfig: Setting CVar [[r.DetailMode:2]]
[2021.10.13-03.28.20:956][  0]LogConfig: Setting CVar [[r.TranslucencyVolumeBlur:1]]
[2021.10.13-03.28.20:956][  0]LogConfig: Setting CVar [[r.MaterialQualityLevel:1 ; High quality]]
[2021.10.13-03.28.20:956][  0]LogConfig: Setting CVar [[r.SSS.Scale:1]]
[2021.10.13-03.28.20:956][  0]LogConfig: Setting CVar [[r.SSS.SampleSet:2]]
[2021.10.13-03.28.20:956][  0]LogConfig: Setting CVar [[r.SSS.Quality:1]]
[2021.10.13-03.28.20:957][  0]LogConfig: Setting CVar [[r.SSS.HalfRes:1]]
[2021.10.13-03.28.20:957][  0]LogConfig: Setting CVar [[r.EmitterSpawnRateScale:1.0]]
[2021.10.13-03.28.20:957][  0]LogConfig: Setting CVar [[r.ParticleLightQuality:2]]
[2021.10.13-03.28.20:957][  0]LogConfig: Applying CVar settings from Section [FoliageQuality@3] File [C:/Users/Mo/Documents/GitHub/GAME-2303/UnrealPlatformer/SimpleUnrealPlatformer/Saved/Config/Windows/Scalability.ini]
[2021.10.13-03.28.20:957][  0]LogConfig: Setting CVar [[foliage.DensityScale:1.0]]
[2021.10.13-03.28.20:957][  0]LogConfig: Setting CVar [[grass.DensityScale:1.0]]
[2021.10.13-03.28.20:957][  0]LogInit: Selected Device Profile: [Windows]
[2021.10.13-03.28.20:957][  0]LogInit: Applying CVar settings loaded from the selected device profile: [Windows]
[2021.10.13-03.28.20:968][  0]LogHAL: Display: Platform has ~ 16 GB [17037017088 / 17179869184 / 16], which maps to Larger [LargestMinGB=32, LargerMinGB=12, DefaultMinGB=8, SmallerMinGB=6, SmallestMinGB=0)
[2021.10.13-03.28.20:968][  0]LogConfig: Setting CVar [[r.Vulkan.UseRealUBs:1]]
[2021.10.13-03.28.20:968][  0]LogInit: Going up to parent DeviceProfile []
[2021.10.13-03.28.20:968][  0]LogConfig: Applying CVar settings from Section [ViewDistanceQuality@3] File [C:/Users/Mo/Documents/GitHub/GAME-2303/UnrealPlatformer/SimpleUnrealPlatformer/Saved/Config/Windows/Scalability.ini]
[2021.10.13-03.28.20:968][  0]LogConfig: Setting CVar [[r.SkeletalMeshLODBias:0]]
[2021.10.13-03.28.20:968][  0]LogConfig: Setting CVar [[r.ViewDistanceScale:1.0]]
[2021.10.13-03.28.20:968][  0]LogConfig: Applying CVar settings from Section [AntiAliasingQuality@3] File [C:/Users/Mo/Documents/GitHub/GAME-2303/UnrealPlatformer/SimpleUnrealPlatformer/Saved/Config/Windows/Scalability.ini]
[2021.10.13-03.28.20:968][  0]LogConfig: Setting CVar [[r.PostProcessAAQuality:4]]
[2021.10.13-03.28.20:968][  0]LogConfig: Applying CVar settings from Section [ShadowQuality@3] File [C:/Users/Mo/Documents/GitHub/GAME-2303/UnrealPlatformer/SimpleUnrealPlatformer/Saved/Config/Windows/Scalability.ini]
[2021.10.13-03.28.20:968][  0]LogConfig: Setting CVar [[r.LightFunctionQuality:1]]
[2021.10.13-03.28.20:968][  0]LogConfig: Setting CVar [[r.ShadowQuality:5]]
[2021.10.13-03.28.20:968][  0]LogConfig: Setting CVar [[r.Shadow.CSM.MaxCascades:10]]
[2021.10.13-03.28.20:968][  0]LogConfig: Setting CVar [[r.Shadow.MaxResolution:2048]]
[2021.10.13-03.28.20:968][  0]LogConfig: Setting CVar [[r.Shadow.MaxCSMResolution:2048]]
[2021.10.13-03.28.20:968][  0]LogConfig: Setting CVar [[r.Shadow.RadiusThreshold:0.01]]
[2021.10.13-03.28.20:968][  0]LogConfig: Setting CVar [[r.Shadow.DistanceScale:1.0]]
[2021.10.13-03.28.20:968][  0]LogConfig: Setting CVar [[r.Shadow.CSM.TransitionScale:1.0]]
[2021.10.13-03.28.20:968][  0]LogConfig: Setting CVar [[r.Shadow.PreShadowResolutionFactor:1.0]]
[2021.10.13-03.28.20:968][  0]LogConfig: Setting CVar [[r.DistanceFieldShadowing:1]]
[2021.10.13-03.28.20:968][  0]LogConfig: Setting CVar [[r.DistanceFieldAO:1]]
[2021.10.13-03.28.20:968][  0]LogConfig: Setting CVar [[r.AOQuality:2]]
[2021.10.13-03.28.20:968][  0]LogConfig: Setting CVar [[r.VolumetricFog:1]]
[2021.10.13-03.28.20:968][  0]LogConfig: Setting CVar [[r.VolumetricFog.GridPixelSize:8]]
[2021.10.13-03.28.20:968][  0]LogConfig: Setting CVar [[r.VolumetricFog.GridSizeZ:128]]
[2021.10.13-03.28.20:968][  0]LogConfig: Setting CVar [[r.VolumetricFog.HistoryMissSupersampleCount:4]]
[2021.10.13-03.28.20:968][  0]LogConfig: Setting CVar [[r.LightMaxDrawDistanceScale:1]]
[2021.10.13-03.28.20:968][  0]LogConfig: Setting CVar [[r.CapsuleShadows:1]]
[2021.10.13-03.28.20:968][  0]LogConfig: Applying CVar settings from Section [PostProcessQuality@3] File [C:/Users/Mo/Documents/GitHub/GAME-2303/UnrealPlatformer/SimpleUnrealPlatformer/Saved/Config/Windows/Scalability.ini]
[2021.10.13-03.28.20:968][  0]LogConfig: Setting CVar [[r.MotionBlurQuality:4]]
[2021.10.13-03.28.20:968][  0]LogConfig: Setting CVar [[r.AmbientOcclusionMipLevelFactor:0.4]]
[2021.10.13-03.28.20:969][  0]LogConfig: Setting CVar [[r.AmbientOcclusionMaxQuality:100]]
[2021.10.13-03.28.20:969][  0]LogConfig: Setting CVar [[r.AmbientOcclusionLevels:-1]]
[2021.10.13-03.28.20:969][  0]LogConfig: Setting CVar [[r.AmbientOcclusionRadiusScale:1.0]]
[2021.10.13-03.28.20:969][  0]LogConfig: Setting CVar [[r.DepthOfFieldQuality:2]]
[2021.10.13-03.28.20:969][  0]LogConfig: Setting CVar [[r.RenderTargetPoolMin:400]]
[2021.10.13-03.28.20:969][  0]LogConfig: Setting CVar [[r.LensFlareQuality:2]]
[2021.10.13-03.28.20:969][  0]LogConfig: Setting CVar [[r.SceneColorFringeQuality:1]]
[2021.10.13-03.28.20:969][  0]LogConfig: Setting CVar [[r.EyeAdaptationQuality:2]]
[2021.10.13-03.28.20:969][  0]LogConfig: Setting CVar [[r.BloomQuality:5]]
[2021.10.13-03.28.20:969][  0]LogConfig: Setting CVar [[r.FastBlurThreshold:100]]
[2021.10.13-03.28.20:969][  0]LogConfig: Setting CVar [[r.Upscale.Quality:3]]
[2021.10.13-03.28.20:969][  0]LogConfig: Setting CVar [[r.Tonemapper.GrainQuantization:1]]
[2021.10.13-03.28.20:969][  0]LogConfig: Setting CVar [[r.LightShaftQuality:1]]
[2021.10.13-03.28.20:969][  0]LogConfig: Setting CVar [[r.Filter.SizeScale:1]]
[2021.10.13-03.28.20:969][  0]LogConfig: Setting CVar [[r.Tonemapper.Quality:5]]
[2021.10.13-03.28.20:969][  0]LogConfig: Setting CVar [[r.DOF.Gather.AccumulatorQuality:1        ; higher gathering accumulator quality]]
[2021.10.13-03.28.20:969][  0]LogConfig: Setting CVar [[r.DOF.Gather.PostfilterMethod:1          ; Median3x3 postfilering method]]
[2021.10.13-03.28.20:969][  0]LogConfig: Setting CVar [[r.DOF.Gather.EnableBokehSettings:0       ; no bokeh simulation when gathering]]
[2021.10.13-03.28.20:969][  0]LogConfig: Setting CVar [[r.DOF.Gather.RingCount:4                 ; medium number of samples when gathering]]
[2021.10.13-03.28.20:969][  0]LogConfig: Setting CVar [[r.DOF.Scatter.ForegroundCompositing:1    ; additive foreground scattering]]
[2021.10.13-03.28.20:969][  0]LogConfig: Setting CVar [[r.DOF.Scatter.BackgroundCompositing:2    ; additive background scattering]]
[2021.10.13-03.28.20:969][  0]LogConfig: Setting CVar [[r.DOF.Scatter.EnableBokehSettings:1      ; bokeh simulation when scattering]]
[2021.10.13-03.28.20:969][  0]LogConfig: Setting CVar [[r.DOF.Scatter.MaxSpriteRatio:0.1         ; only a maximum of 10% of scattered bokeh]]
[2021.10.13-03.28.20:969][  0]LogConfig: Setting CVar [[r.DOF.Recombine.Quality:1                ; cheap slight out of focus]]
[2021.10.13-03.28.20:969][  0]LogConfig: Setting CVar [[r.DOF.Recombine.EnableBokehSettings:0    ; no bokeh simulation on slight out of focus]]
[2021.10.13-03.28.20:969][  0]LogConfig: Setting CVar [[r.DOF.TemporalAAQuality:1                ; more stable temporal accumulation]]
[2021.10.13-03.28.20:969][  0]LogConfig: Setting CVar [[r.DOF.Kernel.MaxForegroundRadius:0.025]]
[2021.10.13-03.28.20:969][  0]LogConfig: Setting CVar [[r.DOF.Kernel.MaxBackgroundRadius:0.025]]
[2021.10.13-03.28.20:969][  0]LogConfig: Applying CVar settings from Section [TextureQuality@3] File [C:/Users/Mo/Documents/GitHub/GAME-2303/UnrealPlatformer/SimpleUnrealPlatformer/Saved/Config/Windows/Scalability.ini]
[2021.10.13-03.28.20:969][  0]LogConfig: Setting CVar [[r.Streaming.MipBias:0]]
[2021.10.13-03.28.20:969][  0]LogConfig: Setting CVar [[r.Streaming.AmortizeCPUToGPUCopy:0]]
[2021.10.13-03.28.20:969][  0]LogConfig: Setting CVar [[r.Streaming.MaxNumTexturesToStreamPerFrame:0]]
[2021.10.13-03.28.20:969][  0]LogConfig: Setting CVar [[r.Streaming.Boost:1]]
[2021.10.13-03.28.20:969][  0]LogConfig: Setting CVar [[r.MaxAnisotropy:8]]
[2021.10.13-03.28.20:969][  0]LogConfig: Setting CVar [[r.Streaming.LimitPoolSizeToVRAM:0]]
[2021.10.13-03.28.20:969][  0]LogConfig: Setting CVar [[r.Streaming.PoolSize:1000]]
[2021.10.13-03.28.20:969][  0]LogConfig: Setting CVar [[r.Streaming.MaxEffectiveScreenSize:0]]
[2021.10.13-03.28.20:969][  0]LogConfig: Applying CVar settings from Section [EffectsQuality@3] File [C:/Users/Mo/Documents/GitHub/GAME-2303/UnrealPlatformer/SimpleUnrealPlatformer/Saved/Config/Windows/Scalability.ini]
[2021.10.13-03.28.20:969][  0]LogConfig: Setting CVar [[r.TranslucencyLightingVolumeDim:64]]
[2021.10.13-03.28.20:969][  0]LogConfig: Setting CVar [[r.RefractionQuality:2]]
[2021.10.13-03.28.20:969][  0]LogConfig: Setting CVar [[r.SSR.Quality:3]]
[2021.10.13-03.28.20:969][  0]LogConfig: Setting CVar [[r.SceneColorFormat:4]]
[2021.10.13-03.28.20:969][  0]LogConfig: Setting CVar [[r.DetailMode:2]]
[2021.10.13-03.28.20:969][  0]LogConfig: Setting CVar [[r.TranslucencyVolumeBlur:1]]
[2021.10.13-03.28.20:969][  0]LogConfig: Setting CVar [[r.MaterialQualityLevel:1 ; High quality]]
[2021.10.13-03.28.20:969][  0]LogConfig: Setting CVar [[r.SSS.Scale:1]]
[2021.10.13-03.28.20:969][  0]LogConfig: Setting CVar [[r.SSS.SampleSet:2]]
[2021.10.13-03.28.20:969][  0]LogConfig: Setting CVar [[r.SSS.Quality:1]]
[2021.10.13-03.28.20:969][  0]LogConfig: Setting CVar [[r.SSS.HalfRes:1]]
[2021.10.13-03.28.20:969][  0]LogConfig: Setting CVar [[r.EmitterSpawnRateScale:1.0]]
[2021.10.13-03.28.20:969][  0]LogConfig: Setting CVar [[r.ParticleLightQuality:2]]
[2021.10.13-03.28.20:969][  0]LogConfig: Applying CVar settings from Section [FoliageQuality@3] File [C:/Users/Mo/Documents/GitHub/GAME-2303/UnrealPlatformer/SimpleUnrealPlatformer/Saved/Config/Windows/Scalability.ini]
[2021.10.13-03.28.20:969][  0]LogConfig: Setting CVar [[foliage.DensityScale:1.0]]
[2021.10.13-03.28.20:969][  0]LogConfig: Setting CVar [[grass.DensityScale:1.0]]
[2021.10.13-03.28.20:969][  0]LogConfig: Applying CVar settings from Section [Startup] File [../../../Engine/Config/ConsoleVariables.ini]
[2021.10.13-03.28.20:970][  0]LogConfig: Setting CVar [[net.UseAdaptiveNetUpdateFrequency:0]]
[2021.10.13-03.28.20:970][  0]LogConfig: Applying CVar settings from Section [ConsoleVariables] File [C:/Users/Mo/Documents/GitHub/GAME-2303/UnrealPlatformer/SimpleUnrealPlatformer/Saved/Config/Windows/Engine.ini]
[2021.10.13-03.28.20:971][  0]LogInit: Computer: DESKTOP-A4N0S65
[2021.10.13-03.28.20:971][  0]LogInit: User: Mo
[2021.10.13-03.28.20:971][  0]LogInit: CPU Page size=4096, Cores=4
[2021.10.13-03.28.20:971][  0]LogInit: High frequency timer resolution =10.000000 MHz
[2021.10.13-03.28.20:971][  0]LogMemory: Memory total: Physical=15.9GB (16GB approx)
[2021.10.13-03.28.20:971][  0]LogMemory: Platform Memory Stats for Windows
[2021.10.13-03.28.20:971][  0]LogMemory: Process Physical Memory: 103.86 MB used, 103.87 MB peak
[2021.10.13-03.28.20:971][  0]LogMemory: Process Virtual Memory: 89.93 MB used, 89.93 MB peak
[2021.10.13-03.28.20:971][  0]LogMemory: Physical Memory: 9164.32 MB used,  7083.45 MB free, 16247.77 MB total
[2021.10.13-03.28.20:971][  0]LogMemory: Virtual Memory: 4635.80 MB used,  134213096.00 MB free, 134217728.00 MB total
[2021.10.13-03.28.21:005][  0]LogInit: Using OS detected language (en-US).
[2021.10.13-03.28.21:005][  0]LogInit: Using OS detected locale (en-US).
[2021.10.13-03.28.21:006][  0]LogTextLocalizationManager: No specific localization for 'en-US' exists, so the 'en' localization will be used.
[2021.10.13-03.28.21:513][  0]LogStreaming: Display: Took  0.509s to InitEngineTextLocalization.
[2021.10.13-03.28.21:513][  0]LogInit: Setting process to per monitor DPI aware
[2021.10.13-03.28.21:584][  0]LogSlate: New Slate User Created.  User Index 0, Is Virtual User: 0
[2021.10.13-03.28.21:584][  0]LogSlate: Slate User Registered.  User Index 0, Is Virtual User: 0
[2021.10.13-03.28.21:971][  0]LogHMD: Failed to initialize OpenVR with code 110
[2021.10.13-03.28.21:971][  0]LogD3D11RHI: D3D11 adapters:
[2021.10.13-03.28.22:071][  0]LogD3D11RHI:    0. 'NVIDIA GeForce GTX 970M' (Feature Level 11_0)
[2021.10.13-03.28.22:071][  0]LogD3D11RHI:       3032/0/8123 MB DedicatedVideo/DedicatedSystem/SharedSystem, Outputs:2, VendorId:0x10de
[2021.10.13-03.28.22:079][  0]LogD3D11RHI:    1. 'Intel(R) HD Graphics 530' (Feature Level 11_0)
[2021.10.13-03.28.22:079][  0]LogD3D11RHI:       128/0/8123 MB DedicatedVideo/DedicatedSystem/SharedSystem, Outputs:0, VendorId:0x8086
[2021.10.13-03.28.22:081][  0]LogD3D11RHI:    2. 'Microsoft Basic Render Driver' (Feature Level 11_0)
[2021.10.13-03.28.22:081][  0]LogD3D11RHI:       0/0/8123 MB DedicatedVideo/DedicatedSystem/SharedSystem, Outputs:0, VendorId:0x1414
[2021.10.13-03.28.22:081][  0]LogD3D11RHI: Chosen D3D11 Adapter: 0
[2021.10.13-03.28.22:136][  0]LogD3D11RHI: Creating new Direct3DDevice
[2021.10.13-03.28.22:136][  0]LogD3D11RHI:     GPU DeviceId: 0x13d8 (for the marketing name, search the web for "GPU Device Id")
[2021.10.13-03.28.22:136][  0]LogWindows: EnumDisplayDevices:
[2021.10.13-03.28.22:136][  0]LogWindows:    0. 'Intel(R) HD Graphics 530' (P:0 D:1)
[2021.10.13-03.28.22:137][  0]LogWindows:    1. 'Intel(R) HD Graphics 530' (P:1 D:1)
[2021.10.13-03.28.22:137][  0]LogWindows:    2. 'Intel(R) HD Graphics 530' (P:0 D:0)
[2021.10.13-03.28.22:138][  0]LogWindows: DebugString: PrimaryIsNotTheChoosenAdapter PrimaryIsNotTheChoosenAdapter PrimaryIsNotTheChoosenAdapter FoundDriverCount:0 
[2021.10.13-03.28.22:138][  0]LogD3D11RHI:     Adapter Name: NVIDIA GeForce GTX 970M
[2021.10.13-03.28.22:138][  0]LogD3D11RHI:   Driver Version: Unknown (internal:Unknown, unified:Unknown)
[2021.10.13-03.28.22:138][  0]LogD3D11RHI:      Driver Date: Unknown
[2021.10.13-03.28.22:138][  0]LogRHI: Texture pool is 2122 MB (70% of 3032 MB)
[2021.10.13-03.28.22:207][  0]LogD3D11RHI: Async texture creation enabled
[2021.10.13-03.28.22:238][  0]LogD3D11RHI: GPU Timing Frequency: 1000.000000 (Debug: 2 1)
[2021.10.13-03.28.22:630][  0]LogTemp: Display: Loaded TP AllDesktopTargetPlatform
[2021.10.13-03.28.22:646][  0]LogTemp: Display: Loaded TP MacClientTargetPlatform
[2021.10.13-03.28.22:663][  0]LogTemp: Display: Loaded TP MacNoEditorTargetPlatform
[2021.10.13-03.28.22:678][  0]LogTemp: Display: Loaded TP MacServerTargetPlatform
[2021.10.13-03.28.22:695][  0]LogTemp: Display: Loaded TP MacTargetPlatform
[2021.10.13-03.28.22:711][  0]LogTemp: Display: Loaded TP WindowsClientTargetPlatform
[2021.10.13-03.28.22:727][  0]LogTemp: Display: Loaded TP WindowsNoEditorTargetPlatform
[2021.10.13-03.28.22:742][  0]LogTemp: Display: Loaded TP WindowsServerTargetPlatform
[2021.10.13-03.28.22:749][  0]LogTemp: Display: Loaded TP WindowsTargetPlatform
[2021.10.13-03.28.22:834][  0]LogTemp: Display: Loaded TP AndroidTargetPlatform
[2021.10.13-03.28.22:834][  0]LogTemp: Display: Loaded TP AndroidTargetPlatform
[2021.10.13-03.28.22:834][  0]LogTemp: Display: Loaded TP AndroidTargetPlatform
[2021.10.13-03.28.22:834][  0]LogTemp: Display: Loaded TP AndroidTargetPlatform
[2021.10.13-03.28.22:834][  0]LogTemp: Display: Loaded TP AndroidTargetPlatform
[2021.10.13-03.28.22:834][  0]LogTemp: Display: Loaded TP AndroidTargetPlatform
[2021.10.13-03.28.22:834][  0]LogTemp: Display: Loaded TP AndroidTargetPlatform
[2021.10.13-03.28.22:834][  0]LogTemp: Display: Loaded TP AndroidTargetPlatform
[2021.10.13-03.28.22:834][  0]LogTemp: Display: Loaded TP AndroidTargetPlatform
[2021.10.13-03.28.22:834][  0]LogTemp: Display: Loaded TP AndroidTargetPlatform
[2021.10.13-03.28.22:834][  0]LogTemp: Display: Loaded TP AndroidTargetPlatform
[2021.10.13-03.28.22:834][  0]LogTemp: Display: Loaded TP AndroidTargetPlatform
[2021.10.13-03.28.22:834][  0]LogTemp: Display: Loaded TP AndroidTargetPlatform
[2021.10.13-03.28.22:834][  0]LogTemp: Display: Loaded TP AndroidTargetPlatform
[2021.10.13-03.28.22:834][  0]LogTemp: Display: Loaded TP AndroidTargetPlatform
[2021.10.13-03.28.22:834][  0]LogTemp: Display: Loaded TP AndroidTargetPlatform
[2021.10.13-03.28.22:834][  0]LogTemp: Display: Loaded TP AndroidTargetPlatform
[2021.10.13-03.28.22:834][  0]LogTemp: Display: Loaded TP AndroidTargetPlatform
[2021.10.13-03.28.22:836][  0]LogTemp: Display: Loaded TP HTML5TargetPlatform
[2021.10.13-03.28.22:908][  0]LogTemp: Display: Loaded TP IOSTargetPlatform
[2021.10.13-03.28.22:908][  0]LogTemp: Display: Loaded TP IOSTargetPlatform
[2021.10.13-03.28.22:946][  0]LogTemp: Display: Loaded TP TVOSTargetPlatform
[2021.10.13-03.28.22:947][  0]LogTemp: Display: Loaded TP TVOSTargetPlatform
[2021.10.13-03.28.22:964][  0]LogTemp: Display: Loaded TP LinuxClientTargetPlatform
[2021.10.13-03.28.22:984][  0]LogTemp: Display: Loaded TP LinuxNoEditorTargetPlatform
[2021.10.13-03.28.22:998][  0]LogTemp: Display: Loaded TP LinuxServerTargetPlatform
[2021.10.13-03.28.23:021][  0]LogTemp: Display: Loaded TP LinuxTargetPlatform
[2021.10.13-03.28.23:128][  0]LogTemp: Display: Loaded TP LuminTargetPlatform
[2021.10.13-03.28.23:129][  0]LogTemp: Display: Loaded TP LuminTargetPlatform
[2021.10.13-03.28.23:129][  0]LogTargetPlatformManager: Display: Building Assets For Windows
[2021.10.13-03.28.23:222][  0]LogShaderCompilers: Guid format shader working directory is -51 characters bigger than the processId version (../../../../../../Users/Mo/Documents/GitHub/GAME-2303/UnrealPlatformer/SimpleUnrealPlatformer/Intermediate/Shaders/WorkingDirectory/18164/).
[2021.10.13-03.28.23:222][  0]LogShaderCompilers: Cleaned the shader compiler working directory 'C:/Users/Mo/AppData/Local/Temp/UnrealShaderWorkingDir/DE50213746966F1021151E9CCEFDD1D2/'.
[2021.10.13-03.28.23:226][  0]LogXGEController: Cannot use XGE Controller as Incredibuild is not installed on this machine.
[2021.10.13-03.28.23:227][  0]LogShaderCompilers: Cannot use XGE Shader Compiler as Incredibuild is not installed on this machine.
[2021.10.13-03.28.23:227][  0]LogShaderCompilers: Display: Using Local Shader Compiler.
[2021.10.13-03.28.24:045][  0]LogDerivedDataCache: Display: Max Cache Size: 512 MB
[2021.10.13-03.28.24:115][  0]LogDerivedDataCache: Loaded boot cache 0.07s 71MB C:/Users/Mo/AppData/Local/UnrealEngine/4.21/DerivedDataCache/Boot.ddc.
[2021.10.13-03.28.24:115][  0]LogDerivedDataCache: Display: Loaded Boot cache: C:/Users/Mo/AppData/Local/UnrealEngine/4.21/DerivedDataCache/Boot.ddc
[2021.10.13-03.28.24:115][  0]LogDerivedDataCache: FDerivedDataBackendGraph:  Pak pak cache file ../../../../../../Users/Mo/Documents/GitHub/GAME-2303/UnrealPlatformer/SimpleUnrealPlatformer/DerivedDataCache/DDC.ddp not found, will not use a pak cache.
[2021.10.13-03.28.24:115][  0]LogDerivedDataCache: Unable to find inner node Pak for hierarchical cache Hierarchy.
[2021.10.13-03.28.24:115][  0]LogDerivedDataCache: FDerivedDataBackendGraph:  CompressedPak pak cache file ../../../../../../Users/Mo/Documents/GitHub/GAME-2303/UnrealPlatformer/SimpleUnrealPlatformer/DerivedDataCache/Compressed.ddp not found, will not use a pak cache.
[2021.10.13-03.28.24:115][  0]LogDerivedDataCache: Unable to find inner node CompressedPak for hierarchical cache Hierarchy.
[2021.10.13-03.28.24:132][  0]LogDerivedDataCache: Display: Pak cache opened for reading ../../../Engine/DerivedDataCache/Compressed.ddp.
[2021.10.13-03.28.24:132][  0]LogDerivedDataCache: FDerivedDataBackendGraph:  EnterprisePak pak cache file ../../../Enterprise/DerivedDataCache/Compressed.ddp not found, will not use a pak cache.
[2021.10.13-03.28.24:133][  0]LogDerivedDataCache: Unable to find inner node EnterprisePak for hierarchical cache Hierarchy.
[2021.10.13-03.28.24:145][  0]LogDerivedDataCache: Using Local data cache path C:/Users/Mo/AppData/Local/UnrealEngine/Common/DerivedDataCache: Writable
[2021.10.13-03.28.24:145][  0]LogDerivedDataCache: Shared data cache path not found in *engine.ini, will not use an Shared cache.
[2021.10.13-03.28.24:145][  0]LogDerivedDataCache: Unable to find inner node Shared for hierarchical cache Hierarchy.
[2021.10.13-03.28.24:174][  0]LogMaterial: Verifying Global Shaders for PCD3D_SM5
[2021.10.13-03.28.24:176][  0]LogSlate: Using FreeType 2.6.0
[2021.10.13-03.28.24:176][  0]LogSlate: SlateFontServices - WITH_FREETYPE: 1, WITH_HARFBUZZ: 1
[2021.10.13-03.28.24:275][  0]LogAssetRegistry: FAssetRegistry took 0.0379 seconds to start up
[2021.10.13-03.28.24:724][  0]LogInit: Selected Device Profile: [Windows]
[2021.10.13-03.28.24:939][  0]LogSimplygon: Simplygon DLL not present - disabling.
[2021.10.13-03.28.24:943][  0]LogMeshReduction: Using SimplygonSwarm for distributed automatic mesh merging
[2021.10.13-03.28.24:943][  0]LogMeshReduction: Using ProxyLODMeshReduction for automatic mesh merging
[2021.10.13-03.28.24:943][  0]LogMeshReduction: Using QuadricMeshReduction for automatic static mesh reduction
[2021.10.13-03.28.24:943][  0]LogMeshReduction: No automatic skeletal mesh reduction module available
[2021.10.13-03.28.24:964][  0]LogNetVersion: MyProject 1.0.0, NetCL: 4541578, EngineNetVer: 5, GameNetVer: 0 (Checksum: 1637960414)
[2021.10.13-03.28.25:607][  0]LogPackageLocalizationCache: Processed 11 localized package path(s) for 2 prioritized culture(s) in 0.103069 seconds
[2021.10.13-03.28.25:613][  0]LogUObjectArray: 39776 objects as part of root set at end of initial load.
[2021.10.13-03.28.25:614][  0]LogUObjectAllocator: 6914896 out of 0 bytes used by permanent object pool.
[2021.10.13-03.28.25:614][  0]LogUObjectArray: CloseDisregardForGC: 0/0 objects in disregard for GC pool
[2021.10.13-03.28.26:695][  0]LogTcpMessaging: Initializing TcpMessaging bridge
[2021.10.13-03.28.26:708][  0]LogUdpMessaging: Initializing bridge on interface 0.0.0.0:0 to multicast group 230.0.0.1:6666.
[2021.10.13-03.28.27:605][  0]SourceControl: Source control is disabled
[2021.10.13-03.28.27:605][  0]SourceControl: Source control is disabled
[2021.10.13-03.28.27:607][  0]SourceControl: Source control is disabled
[2021.10.13-03.28.27:608][  0]SourceControl: Source control is disabled
[2021.10.13-03.28.27:794][  0]LogAndroidPermission: UAndroidPermissionCallbackProxy::GetInstance
[2021.10.13-03.28.27:945][  0]LogOcInput: OculusInput pre-init called
[2021.10.13-03.28.28:089][  0]LogEngine: Initializing Engine...
[2021.10.13-03.28.28:090][  0]LogHMD: Failed to initialize OpenVR with code 110
[2021.10.13-03.28.28:092][  0]LogStats: UGameplayTagsManager::ConstructGameplayTagTree: ImportINI prefixes -  0.000 s
[2021.10.13-03.28.28:092][  0]LogStats: UGameplayTagsManager::ConstructGameplayTagTree: Construct from data asset -  0.000 s
[2021.10.13-03.28.28:092][  0]LogStats: UGameplayTagsManager::ConstructGameplayTagTree: ImportINI -  0.000 s
[2021.10.13-03.28.28:092][  0]LogStats: UGameplayTagsManager::ConstructGameplayTagTree: GameplayTagTreeChangedEvent.Broadcast -  0.000 s
[2021.10.13-03.28.28:368][  0]LogInit: Initializing FReadOnlyCVARCache
[2021.10.13-03.28.28:383][  0]LogAIModule: Creating AISystem for world Untitled
[2021.10.13-03.28.28:431][  0]LogInit: XAudio2 using 'Speakers (Logitech USB Headset)' : 2 channels at 48 kHz using 16 bits per sample (channel mask 0x3)
[2021.10.13-03.28.28:455][  0]LogInit: FAudioDevice initialized.
[2021.10.13-03.28.28:455][  0]LogNetVersion: Set ProjectVersion to 1.0.0.0. Version Checksum will be recalculated on next use.
[2021.10.13-03.28.28:974][  0]LogDerivedDataCache: Saved boot cache 0.52s 71MB C:/Users/Mo/AppData/Local/UnrealEngine/4.21/DerivedDataCache/Boot.ddc.
[2021.10.13-03.28.28:981][  0]LogInit: Texture streaming: Enabled
[2021.10.13-03.28.29:004][  0]LogEngineSessionManager: EngineSessionManager initialized
[2021.10.13-03.28.29:022][  0]LogInit: Transaction tracking system initialized
[2021.10.13-03.28.29:052][  0]BlueprintLog: New page: Editor Load
[2021.10.13-03.28.29:143][  0]LocalizationService: Localization service is disabled
[2021.10.13-03.28.29:706][  0]LogFileCache: Scanning file cache for directory 'C:/Users/Mo/Documents/GitHub/GAME-2303/UnrealPlatformer/SimpleUnrealPlatformer/Content/' took 0.01s
[2021.10.13-03.28.29:707][  0]LogCook: Display: Max memory allowance for cook 16384mb min free memory 0mb
[2021.10.13-03.28.29:707][  0]LogCook: Display: Mobile HDR setting 1
[2021.10.13-03.28.29:707][  0]LogGameplayTags: Display: UGameplayTagsManager::DoneAddingNativeTags. DelegateIsBound: 0
[2021.10.13-03.28.29:707][  0]LogStats: UGameplayTagsManager::ConstructGameplayTagTree: ImportINI prefixes -  0.000 s
[2021.10.13-03.28.29:707][  0]LogStats: UGameplayTagsManager::ConstructGameplayTagTree: Construct from data asset -  0.000 s
[2021.10.13-03.28.29:707][  0]LogStats: UGameplayTagsManager::ConstructGameplayTagTree: ImportINI -  0.000 s
[2021.10.13-03.28.29:707][  0]LogStats: UGameplayTagsManager::ConstructGameplayTagTree: GameplayTagTreeChangedEvent.Broadcast -  0.000 s
[2021.10.13-03.28.29:859][  0]SourceControl: Source control is disabled
[2021.10.13-03.28.29:859][  0]Cmd: MAP LOAD FILE="../../../../../../Users/Mo/Documents/GitHub/GAME-2303/UnrealPlatformer/SimpleUnrealPlatformer/Content/NewLevel.umap" TEMPLATE=0 SHOWPROGRESS=1 FEATURELEVEL=3
[2021.10.13-03.28.29:860][  0]LightingResults: New page: Lighting Build
[2021.10.13-03.28.29:863][  0]MapCheck: New page: Map Check
[2021.10.13-03.28.29:863][  0]LightingResults: New page: Lighting Build
[2021.10.13-03.28.30:248][  0]LogAIModule: Creating AISystem for world NewLevel
[2021.10.13-03.28.30:259][  0]LogEditorServer: Finished looking for orphan Actors (0.000 secs)
[2021.10.13-03.28.30:289][  0]Cmd: MAP CHECKDEP NOCLEARLOG
[2021.10.13-03.28.30:289][  0]MapCheck: Map check complete: 0 Error(s), 0 Warning(s), took 0.182ms to complete.
[2021.10.13-03.28.30:289][  0]LogFileHelpers: Loading map 'NewLevel' took 0.429
[2021.10.13-03.28.30:421][  0]LogSlate: Updating window title bar state: overlay mode, drag disabled, window buttons hidden, title bar hidden
[2021.10.13-03.28.30:432][  0]LogSlate: Updating window title bar state: overlay mode, drag disabled, window buttons hidden, title bar hidden
[2021.10.13-03.28.30:443][  0]LogSlate: Updating window title bar state: overlay mode, drag disabled, window buttons hidden, title bar hidden
[2021.10.13-03.28.30:455][  0]LogSlate: Updating window title bar state: overlay mode, drag disabled, window buttons hidden, title bar hidden
[2021.10.13-03.28.30:464][  0]LogCollectionManager: Loaded 0 collections in 0.002908 seconds
[2021.10.13-03.28.30:493][  0]LogFileCache: Scanning file cache for directory 'C:/Users/Mo/Documents/GitHub/GAME-2303/UnrealPlatformer/SimpleUnrealPlatformer/Saved/Collections/' took 0.01s
[2021.10.13-03.28.30:493][  0]LogFileCache: Scanning file cache for directory 'C:/Users/Mo/Documents/GitHub/GAME-2303/UnrealPlatformer/SimpleUnrealPlatformer/Content/Developers/Mo/Collections/' took 0.00s
[2021.10.13-03.28.30:493][  0]LogFileCache: Scanning file cache for directory 'C:/Users/Mo/Documents/GitHub/GAME-2303/UnrealPlatformer/SimpleUnrealPlatformer/Content/Collections/' took 0.01s
[2021.10.13-03.28.30:493][  0]LogCollectionManager: Rebuilt the GUID cache for 0 collections in 0.000001 seconds
[2021.10.13-03.28.30:505][  0]LogContentBrowser: Native class hierarchy populated in 0.0112 seconds. Added 2651 classes and 620 folders.
[2021.10.13-03.28.30:515][  0]LogContentBrowser: Native class hierarchy updated for 'WidgetCarousel' in 0.0003 seconds. Added 0 classes and 0 folders.
[2021.10.13-03.28.30:517][  0]LogPakFile: Registered encryption key '00000000000000000000000000000000': 0 pak files mounted, 0 remain pending
[2021.10.13-03.28.30:518][  0]LogPakFile: Registered encryption key '00000000000000000000000000000000': 0 pak files mounted, 0 remain pending
[2021.10.13-03.28.30:518][  0]LogPakFile: Registered encryption key '00000000000000000000000000000000': 0 pak files mounted, 0 remain pending
[2021.10.13-03.28.30:519][  0]LogPakFile: Registered encryption key '00000000000000000000000000000000': 0 pak files mounted, 0 remain pending
[2021.10.13-03.28.30:519][  0]LogPakFile: Registered encryption key '00000000000000000000000000000000': 0 pak files mounted, 0 remain pending
[2021.10.13-03.28.30:520][  0]LogPakFile: Registered encryption key '00000000000000000000000000000000': 0 pak files mounted, 0 remain pending
[2021.10.13-03.28.30:520][  0]LogPakFile: Registered encryption key '00000000000000000000000000000000': 0 pak files mounted, 0 remain pending
[2021.10.13-03.28.30:521][  0]LogPakFile: Registered encryption key '00000000000000000000000000000000': 0 pak files mounted, 0 remain pending
[2021.10.13-03.28.30:521][  0]LogPakFile: Registered encryption key '00000000000000000000000000000000': 0 pak files mounted, 0 remain pending
[2021.10.13-03.28.30:522][  0]LogPakFile: Registered encryption key '00000000000000000000000000000000': 0 pak files mounted, 0 remain pending
[2021.10.13-03.28.30:522][  0]LogPakFile: Registered encryption key '00000000000000000000000000000000': 0 pak files mounted, 0 remain pending
[2021.10.13-03.28.30:523][  0]LogPakFile: Registered encryption key '00000000000000000000000000000000': 0 pak files mounted, 0 remain pending
[2021.10.13-03.28.30:524][  0]LogPakFile: Registered encryption key '00000000000000000000000000000000': 0 pak files mounted, 0 remain pending
[2021.10.13-03.28.30:525][  0]LogPakFile: Registered encryption key '00000000000000000000000000000000': 0 pak files mounted, 0 remain pending
[2021.10.13-03.28.30:525][  0]LogPakFile: Registered encryption key '00000000000000000000000000000000': 0 pak files mounted, 0 remain pending
[2021.10.13-03.28.30:526][  0]LogPakFile: Registered encryption key '00000000000000000000000000000000': 0 pak files mounted, 0 remain pending
[2021.10.13-03.28.30:527][  0]LogPakFile: Registered encryption key '00000000000000000000000000000000': 0 pak files mounted, 0 remain pending
[2021.10.13-03.28.30:527][  0]LogPakFile: Registered encryption key '00000000000000000000000000000000': 0 pak files mounted, 0 remain pending
[2021.10.13-03.28.30:528][  0]LogPakFile: Registered encryption key '00000000000000000000000000000000': 0 pak files mounted, 0 remain pending
[2021.10.13-03.28.30:528][  0]LogPakFile: Registered encryption key '00000000000000000000000000000000': 0 pak files mounted, 0 remain pending
[2021.10.13-03.28.30:529][  0]LogPakFile: Registered encryption key '00000000000000000000000000000000': 0 pak files mounted, 0 remain pending
[2021.10.13-03.28.30:530][  0]LogPakFile: Registered encryption key '00000000000000000000000000000000': 0 pak files mounted, 0 remain pending
[2021.10.13-03.28.30:530][  0]LogPakFile: Registered encryption key '00000000000000000000000000000000': 0 pak files mounted, 0 remain pending
[2021.10.13-03.28.30:531][  0]LogPakFile: Registered encryption key '00000000000000000000000000000000': 0 pak files mounted, 0 remain pending
[2021.10.13-03.28.30:531][  0]LogPakFile: Registered encryption key '00000000000000000000000000000000': 0 pak files mounted, 0 remain pending
[2021.10.13-03.28.30:532][  0]LogPakFile: Registered encryption key '00000000000000000000000000000000': 0 pak files mounted, 0 remain pending
[2021.10.13-03.28.30:575][  0]LogContentBrowser: Native class hierarchy updated for 'AddContentDialog' in 0.0003 seconds. Added 0 classes and 0 folders.
[2021.10.13-03.28.30:584][  0]LogContentBrowser: Native class hierarchy updated for 'SceneOutliner' in 0.0003 seconds. Added 1 classes and 2 folders.
[2021.10.13-03.28.30:612][  0]LogSlate: Took 0.000248 seconds to synchronously load lazily loaded font '../../../Engine/Content/Slate/Fonts/Roboto-Regular.ttf' (155K)
[2021.10.13-03.28.30:616][  0]LogSlate: Took 0.000317 seconds to synchronously load lazily loaded font '../../../Engine/Content/Slate/Fonts/Roboto-Bold.ttf' (160K)
[2021.10.13-03.28.30:626][  0]LogSlate: Took 0.000337 seconds to synchronously load lazily loaded font '../../../Engine/Content/Editor/Slate/Fonts/FontAwesome.ttf' (139K)
[2021.10.13-03.28.30:754][  0]LogRenderer: Reallocating scene render targets to support 1028x576 Format 10 NumSamples 1 (Frame:1).
[2021.10.13-03.28.30:847][  0]LogSlate: Took 0.000226 seconds to synchronously load lazily loaded font '../../../Engine/Content/Slate/Fonts/Roboto-Light.ttf' (167K)
[2021.10.13-03.28.30:967][  0]LogContentBrowser: Native class hierarchy updated for 'HierarchicalLODOutliner' in 0.0003 seconds. Added 0 classes and 0 folders.
[2021.10.13-03.28.30:967][  0]LogLoad: (Engine Initialization) Total time: 12.24 seconds
[2021.10.13-03.28.30:967][  0]LogLoad: (Engine Initialization) Total Blueprint compile time: 0.00 seconds
[2021.10.13-03.28.30:988][  0]LogSlate: FSceneViewport::OnFocusLost() reason 0
[2021.10.13-03.28.31:059][  0]LogContentStreaming: Texture pool size now 1000 MB
[2021.10.13-03.28.31:329][  1]LogAssetRegistry: Asset discovery search completed in 7.0775 seconds
[2021.10.13-03.28.31:332][  1]LogCollectionManager: Rebuilt the object cache for 0 collections in 0.000000 seconds (found 0 objects)
[2021.10.13-03.28.31:332][  1]LogCollectionManager: Fixed up redirectors for 0 collections in 0.000067 seconds (updated 0 objects)
[2021.10.13-03.28.32:011][ 48]LogSlate: Took 0.000236 seconds to synchronously load lazily loaded font '../../../Engine/Content/Slate/Fonts/Roboto-Light.ttf' (167K)
[2021.10.13-03.28.34:361][286]LogTemp: Repeating last play command: Selected Viewport
[2021.10.13-03.28.34:373][286]LogBlueprintUserMessages: Early PlayInEditor Detection: Level '/Game/NewLevel.NewLevel:PersistentLevel' has LevelScriptBlueprint '/Game/NewLevel.NewLevel:PersistentLevel.NewLevel' with GeneratedClass '/Game/NewLevel.NewLevel_C' with ClassGeneratedBy '/Game/NewLevel.NewLevel:PersistentLevel.NewLevel'
[2021.10.13-03.28.34:373][286]LogPlayLevel: PlayLevel: No blueprints needed recompiling
[2021.10.13-03.28.34:373][286]PIE: New page: PIE session: NewLevel (Oct 12, 2021, 5:28:34 PM)
[2021.10.13-03.28.34:386][286]LogPlayLevel: Creating play world package: /Game/UEDPIE_0_NewLevel
[2021.10.13-03.28.34:390][286]LogPlayLevel: PIE: StaticDuplicateObject took: (0.003544s)
[2021.10.13-03.28.34:390][286]LogAIModule: Creating AISystem for world NewLevel
[2021.10.13-03.28.34:391][286]LogPlayLevel: PIE: World Init took: (0.001061s)
[2021.10.13-03.28.34:391][286]LogPlayLevel: PIE: Created PIE world by copying editor world from /Game/NewLevel.NewLevel to /Game/UEDPIE_0_NewLevel.NewLevel (0.005014s)
[2021.10.13-03.28.34:434][286]LogInit: XAudio2 using 'Speakers (Logitech USB Headset)' : 2 channels at 48 kHz using 16 bits per sample (channel mask 0x3)
[2021.10.13-03.28.34:448][286]LogInit: FAudioDevice initialized.
[2021.10.13-03.28.34:503][286]LogLoad: Game class is 'bpGameMode_C'
[2021.10.13-03.28.34:506][286]LogWorld: Bringing World /Game/UEDPIE_0_NewLevel.NewLevel up for play (max tick rate 0) at 2021.10.12-22.28.34
[2021.10.13-03.28.34:506][286]LogWorld: Bringing up level for play took: 0.001537
[2021.10.13-03.28.34:524][286]LogContentBrowser: Native class hierarchy updated for 'MovieSceneCapture' in 0.0003 seconds. Added 20 classes and 0 folders.
[2021.10.13-03.28.34:526][286]PIE: Play in editor start time for /Game/UEDPIE_0_NewLevel 0.685
[2021.10.13-03.28.34:526][286]LogBlueprintUserMessages: Late PlayInEditor Detection: Level '/Game/NewLevel.NewLevel:PersistentLevel' has LevelScriptBlueprint '/Game/NewLevel.NewLevel:PersistentLevel.NewLevel' with GeneratedClass '/Game/NewLevel.NewLevel_C' with ClassGeneratedBy '/Game/NewLevel.NewLevel:PersistentLevel.NewLevel'
[2021.10.13-03.29.02:797][658]LogNet: Browse: /Game/SecondLevel
[2021.10.13-03.29.02:798][658]LogLoad: LoadMap: /Game/SecondLevel
[2021.10.13-03.29.02:847][658]LogAIModule: Creating AISystem for world SecondLevel
[2021.10.13-03.29.02:847][658]LogLoad: Game class is 'bpGameMode_C'
[2021.10.13-03.29.02:849][658]LogWorld: Bringing World /Game/UEDPIE_0_SecondLevel.SecondLevel up for play (max tick rate 0) at 2021.10.12-22.29.02
[2021.10.13-03.29.02:850][658]LogWorld: Bringing up level for play took: 0.001801
[2021.10.13-03.29.02:852][658]LogLoad: Took 0.053811 seconds to LoadMap(/Game/SecondLevel)
[2021.10.13-03.29.03:888][778]LogBlueprintUserMessages: Early EndPlayMap Detection: Level '/Game/NewLevel.NewLevel:PersistentLevel' has LevelScriptBlueprint '/Game/NewLevel.NewLevel:PersistentLevel.NewLevel' with GeneratedClass '/Game/NewLevel.NewLevel_C' with ClassGeneratedBy '/Game/NewLevel.NewLevel:PersistentLevel.NewLevel'
[2021.10.13-03.29.03:888][778]LogSlate: Updating window title bar state: overlay mode, drag disabled, window buttons hidden, title bar hidden
[2021.10.13-03.29.03:928][778]LogPlayLevel: Display: Shutting down PIE online subsystems
[2021.10.13-03.29.03:928][778]LogBlueprintUserMessages: Late EndPlayMap Detection: Level '/Game/NewLevel.NewLevel:PersistentLevel' has LevelScriptBlueprint '/Game/NewLevel.NewLevel:PersistentLevel.NewLevel' with GeneratedClass '/Game/NewLevel.NewLevel_C' with ClassGeneratedBy '/Game/NewLevel.NewLevel:PersistentLevel.NewLevel'
[2021.10.13-03.29.03:952][778]LogSlate: Updating window title bar state: overlay mode, drag disabled, window buttons hidden, title bar hidden
[2021.10.13-03.29.04:003][780]LogPlayLevel: Display: Destroying online subsystem :Context_3
[2021.10.13-03.29.05:965][  5]LogSlate: FSceneViewport::OnFocusLost() reason 0
[2021.10.13-03.29.14:441][933]LogSlate: FSceneViewport::OnFocusLost() reason 0
[2021.10.13-03.29.14:632][947]LogSlate: Window 'MyProject - Unreal Editor' being destroyed
[2021.10.13-03.29.14:634][947]LogWindowsTextInputMethodSystem: Display: IME system now deactivated.
[2021.10.13-03.29.14:862][948]Cmd: QUIT_EDITOR
[2021.10.13-03.29.15:605][948]LogExit: Preparing to exit.
[2021.10.13-03.29.16:768][948]LogExit: Editor shut down
[2021.10.13-03.29.16:769][948]LogExit: Transaction tracking system shut down
[2021.10.13-03.29.16:944][948]LogExit: Object subsystem successfully closed.
[2021.10.13-03.29.16:964][948]LogShaderCompilers: Display: Shaders left to compile 0
[2021.10.13-03.29.16:967][948]LogD3D11RHI: Shutdown
[2021.10.13-03.29.16:967][948]LogD3D11RHI: CleanupD3DDevice
[2021.10.13-03.29.16:969][948]LogD3D11RHI: ~FD3D11DynamicRHI
[2021.10.13-03.29.16:995][948]LogModuleManager: Shutting down and abandoning module MovieSceneCapture (626)
[2021.10.13-03.29.16:995][948]LogModuleManager: Shutting down and abandoning module Voice (624)
[2021.10.13-03.29.16:995][948]LogModuleManager: Shutting down and abandoning module HierarchicalLODOutliner (622)
[2021.10.13-03.29.16:995][948]LogModuleManager: Shutting down and abandoning module SceneOutliner (620)
[2021.10.13-03.29.16:995][948]LogModuleManager: Shutting down and abandoning module AddContentDialog (618)
[2021.10.13-03.29.16:995][948]LogModuleManager: Shutting down and abandoning module WidgetCarousel (617)
[2021.10.13-03.29.16:995][948]LogModuleManager: Shutting down and abandoning module EditorWidgets (614)
[2021.10.13-03.29.16:995][948]LogModuleManager: Shutting down and abandoning module CollectionManager (612)
[2021.10.13-03.29.16:995][948]LogModuleManager: Shutting down and abandoning module StatsViewer (610)
[2021.10.13-03.29.16:995][948]LogModuleManager: Shutting down and abandoning module FoliageEdit (608)
[2021.10.13-03.29.16:995][948]LogModuleManager: Shutting down and abandoning module LandscapeEditor (606)
[2021.10.13-03.29.16:995][948]LogModuleManager: Shutting down and abandoning module MeshPaintMode (604)
[2021.10.13-03.29.16:995][948]LogModuleManager: Shutting down and abandoning module SceneDepthPickerMode (602)
[2021.10.13-03.29.16:996][948]LogModuleManager: Shutting down and abandoning module ActorPickerMode (600)
[2021.10.13-03.29.16:996][948]LogModuleManager: Shutting down and abandoning module GeometryMode (598)
[2021.10.13-03.29.16:996][948]LogModuleManager: Shutting down and abandoning module TextureAlignMode (596)
[2021.10.13-03.29.16:996][948]LogModuleManager: Shutting down and abandoning module BspMode (594)
[2021.10.13-03.29.16:996][948]LogModuleManager: Shutting down and abandoning module PIEPreviewDeviceProfileSelector (592)
[2021.10.13-03.29.16:996][948]LogModuleManager: Shutting down and abandoning module SequenceRecorderSections (590)
[2021.10.13-03.29.16:996][948]LogModuleManager: Shutting down and abandoning module AutomationWorker (588)
[2021.10.13-03.29.16:996][948]LogModuleManager: Shutting down and abandoning module AudioCaptureEditor (586)
[2021.10.13-03.29.16:996][948]LogModuleManager: Shutting down and abandoning module MatineeToLevelSequence (584)
[2021.10.13-03.29.16:996][948]LogModuleManager: Shutting down and abandoning module LevelSequenceEditor (582)
[2021.10.13-03.29.16:996][948]LogModuleManager: Shutting down and abandoning module PlacementMode (581)
[2021.10.13-03.29.16:996][948]LogModuleManager: Shutting down and abandoning module MaterialEditor (580)
[2021.10.13-03.29.16:996][948]LogModuleManager: Shutting down and abandoning module WmfMediaFactory (576)
[2021.10.13-03.29.16:996][948]LogModuleManager: Shutting down and abandoning module WmfMediaEditor (574)
[2021.10.13-03.29.16:996][948]LogModuleManager: Shutting down and abandoning module WebMMediaFactory (572)
[2021.10.13-03.29.16:996][948]LogModuleManager: Shutting down and abandoning module WebMMediaEditor (570)
[2021.10.13-03.29.16:996][948]LogModuleManager: Shutting down and abandoning module WebMMedia (568)
[2021.10.13-03.29.16:996][948]LogModuleManager: Shutting down and abandoning module MediaPlayerEditor (566)
[2021.10.13-03.29.16:996][948]LogModuleManager: Shutting down and abandoning module MediaCompositingEditor (564)
[2021.10.13-03.29.16:996][948]LogModuleManager: Shutting down and abandoning module SequenceRecorder (563)
[2021.10.13-03.29.16:996][948]LogModuleManager: Shutting down and abandoning module OpenExrWrapper (560)
[2021.10.13-03.29.16:996][948]LogModuleManager: Shutting down and abandoning module ImgMediaFactory (558)
[2021.10.13-03.29.16:996][948]LogModuleManager: Shutting down and abandoning module ImgMediaEditor (556)
[2021.10.13-03.29.16:996][948]LogModuleManager: Shutting down and abandoning module AvfMediaFactory (554)
[2021.10.13-03.29.16:996][948]LogModuleManager: Shutting down and abandoning module AvfMediaEditor (552)
[2021.10.13-03.29.16:996][948]LogModuleManager: Shutting down and abandoning module AndroidMediaFactory (550)
[2021.10.13-03.29.16:996][948]LogModuleManager: Shutting down and abandoning module AndroidMediaEditor (548)
[2021.10.13-03.29.16:996][948]LogModuleManager: Shutting down and abandoning module MagicLeapCameraPreviewFactory (546)
[2021.10.13-03.29.16:996][948]LogModuleManager: Shutting down and abandoning module MagicLeapMediaFactory (544)
[2021.10.13-03.29.16:996][948]LogModuleManager: Shutting down and abandoning module MagicLeapMediaEditor (542)
[2021.10.13-03.29.16:996][948]LogModuleManager: Shutting down and abandoning module CharacterAI (540)
[2021.10.13-03.29.16:996][948]LogModuleManager: Shutting down and abandoning module SmartSnapping (538)
[2021.10.13-03.29.16:996][948]LogModuleManager: Shutting down and abandoning module SessionServices (536)
[2021.10.13-03.29.16:996][948]LogModuleManager: Shutting down and abandoning module ViewportSnapping (534)
[2021.10.13-03.29.16:996][948]LogModuleManager: Shutting down and abandoning module ViewportInteraction (532)
[2021.10.13-03.29.16:996][948]LogModuleManager: Shutting down and abandoning module ClothPainter (530)
[2021.10.13-03.29.16:996][948]LogModuleManager: Shutting down and abandoning module SkeletalMeshEditor (529)
[2021.10.13-03.29.16:996][948]LogModuleManager: Shutting down and abandoning module LogVisualizer (526)
[2021.10.13-03.29.16:996][948]LogModuleManager: Shutting down and abandoning module IntroTutorials (524)
[2021.10.13-03.29.16:997][948]LogModuleManager: Shutting down and abandoning module GameProjectGeneration (523)
[2021.10.13-03.29.16:997][948]LogModuleManager: Shutting down and abandoning module LuminPlatformEditor (520)
[2021.10.13-03.29.16:997][948]LogModuleManager: Shutting down and abandoning module IOSPlatformEditor (518)
[2021.10.13-03.29.16:997][948]LogModuleManager: Shutting down and abandoning module HTML5PlatformEditor (516)
[2021.10.13-03.29.16:997][948]LogModuleManager: Shutting down and abandoning module AndroidPlatformEditor (514)
[2021.10.13-03.29.16:997][948]LogModuleManager: Shutting down and abandoning module AndroidDeviceDetection (513)
[2021.10.13-03.29.17:424][948]LogModuleManager: Shutting down and abandoning module WindowsPlatformEditor (510)
[2021.10.13-03.29.17:424][948]LogModuleManager: Shutting down and abandoning module LuminRuntimeSettings (508)
[2021.10.13-03.29.17:424][948]LogModuleManager: Shutting down and abandoning module IOSRuntimeSettings (506)
[2021.10.13-03.29.17:424][948]LogModuleManager: Shutting down and abandoning module AndroidRuntimeSettings (504)
[2021.10.13-03.29.17:425][948]LogModuleManager: Shutting down and abandoning module TimeManagementEditor (502)
[2021.10.13-03.29.17:425][948]LogModuleManager: Shutting down and abandoning module InputBindingEditor (500)
[2021.10.13-03.29.17:425][948]LogModuleManager: Shutting down and abandoning module MergeActors (498)
[2021.10.13-03.29.17:425][948]LogModuleManager: Shutting down and abandoning module LocalizationDashboard (496)
[2021.10.13-03.29.17:425][948]LogModuleManager: Shutting down and abandoning module LocalizationService (495)
[2021.10.13-03.29.17:425][948]LogModuleManager: Shutting down and abandoning module HardwareTargeting (492)
[2021.10.13-03.29.17:425][948]LogModuleManager: Shutting down and abandoning module DeviceProfileEditor (490)
[2021.10.13-03.29.17:425][948]LogModuleManager: Shutting down and abandoning module UndoHistory (488)
[2021.10.13-03.29.17:425][948]LogModuleManager: Shutting down and abandoning module XmlParser (486)
[2021.10.13-03.29.17:425][948]LogModuleManager: Shutting down and abandoning module Blutility (484)
[2021.10.13-03.29.17:425][948]LogModuleManager: Shutting down and abandoning module ProjectSettingsViewer (482)
[2021.10.13-03.29.17:425][948]LogModuleManager: Shutting down and abandoning module ProjectTargetPlatformEditor (481)
[2021.10.13-03.29.17:425][948]LogModuleManager: Shutting down and abandoning module EditorSettingsViewer (478)
[2021.10.13-03.29.17:425][948]LogModuleManager: Shutting down and abandoning module SettingsEditor (476)
[2021.10.13-03.29.17:425][948]LogModuleManager: Shutting down and abandoning module ProjectLauncher (474)
[2021.10.13-03.29.17:425][948]LogModuleManager: Shutting down and abandoning module SessionFrontend (472)
[2021.10.13-03.29.17:425][948]LogModuleManager: Shutting down and abandoning module ProfilerClient (470)
[2021.10.13-03.29.17:425][948]LogModuleManager: Shutting down and abandoning module DeviceManager (468)
[2021.10.13-03.29.17:425][948]LogModuleManager: Shutting down and abandoning module TargetDeviceServices (467)
[2021.10.13-03.29.17:490][948]LogModuleManager: Shutting down and abandoning module AutomationController (464)
[2021.10.13-03.29.17:490][948]LogModuleManager: Shutting down and abandoning module AutomationWindow (462)
[2021.10.13-03.29.17:490][948]LogModuleManager: Shutting down and abandoning module Layers (460)
[2021.10.13-03.29.17:490][948]LogModuleManager: Shutting down and abandoning module ComponentVisualizers (458)
[2021.10.13-03.29.17:490][948]LogModuleManager: Shutting down and abandoning module DetailCustomizations (456)
[2021.10.13-03.29.17:490][948]LogModuleManager: Shutting down and abandoning module PackagesDialog (454)
[2021.10.13-03.29.17:490][948]LogModuleManager: Shutting down and abandoning module Persona (452)
[2021.10.13-03.29.17:490][948]LogModuleManager: Shutting down and abandoning module AdvancedPreviewScene (451)
[2021.10.13-03.29.17:490][948]LogModuleManager: Shutting down and abandoning module AnimGraph (449)
[2021.10.13-03.29.17:490][948]LogModuleManager: Shutting down and abandoning module Kismet (446)
[2021.10.13-03.29.17:491][948]LogModuleManager: Shutting down and abandoning module GraphEditor (444)
[2021.10.13-03.29.17:491][948]LogModuleManager: Shutting down and abandoning module ClassViewer (442)
[2021.10.13-03.29.17:491][948]LogModuleManager: Shutting down and abandoning module Toolbox (440)
[2021.10.13-03.29.17:491][948]LogModuleManager: Shutting down and abandoning module ModuleUI (438)
[2021.10.13-03.29.17:491][948]LogModuleManager: Shutting down and abandoning module MovieSceneTools (436)
[2021.10.13-03.29.17:492][948]LogModuleManager: Shutting down and abandoning module OutputLog (434)
[2021.10.13-03.29.17:492][948]LogModuleManager: Shutting down and abandoning module GammaUI (432)
[2021.10.13-03.29.17:492][948]LogModuleManager: Shutting down and abandoning module Documentation (430)
[2021.10.13-03.29.17:492][948]LogModuleManager: Shutting down and abandoning module MovieSceneTracks (428)
[2021.10.13-03.29.17:492][948]LogModuleManager: Shutting down and abandoning module MovieScene (426)
[2021.10.13-03.29.17:492][948]LogModuleManager: Shutting down and abandoning module StreamingPauseRendering (424)
[2021.10.13-03.29.17:492][948]LogModuleManager: Shutting down and abandoning module LauncherPlatform (422)
[2021.10.13-03.29.17:492][948]LogModuleManager: Shutting down and abandoning module AnalyticsET (420)
[2021.10.13-03.29.17:492][948]LogModuleManager: Shutting down and abandoning module PortalServices (418)
[2021.10.13-03.29.17:492][948]LogModuleManager: Shutting down and abandoning module PortalRpc (416)
[2021.10.13-03.29.17:492][948]LogModuleManager: Shutting down and abandoning module MessagingRpc (414)
[2021.10.13-03.29.17:492][948]LogModuleManager: Shutting down and abandoning module AIModule (412)
[2021.10.13-03.29.17:492][948]LogModuleManager: Shutting down and abandoning module GameplayDebugger (411)
[2021.10.13-03.29.17:492][948]LogModuleManager: Shutting down and abandoning module AITestSuite (409)
[2021.10.13-03.29.17:492][948]LogModuleManager: Shutting down and abandoning module NavigationSystem (407)
[2021.10.13-03.29.17:492][948]LogModuleManager: Shutting down and abandoning module DesktopPlatform (404)
[2021.10.13-03.29.17:492][948]LogModuleManager: Shutting down and abandoning module ImageWriteQueue (402)
[2021.10.13-03.29.17:496][948]LogModuleManager: Shutting down and abandoning module ProfilerService (400)
[2021.10.13-03.29.17:549][948]LogModuleManager: Shutting down and abandoning module TaskGraph (398)
[2021.10.13-03.29.17:549][948]LogModuleManager: Shutting down and abandoning module SteamVRController (396)
[2021.10.13-03.29.17:549][948]LogModuleManager: Shutting down and abandoning module ProceduralMeshComponentEditor (394)
[2021.10.13-03.29.17:549][948]LogModuleManager: Shutting down and abandoning module ProceduralMeshComponent (392)
[2021.10.13-03.29.17:549][948]LogModuleManager: Shutting down and abandoning module OculusInput (390)
[2021.10.13-03.29.17:549][948]LogModuleManager: Shutting down and abandoning module MobilePatchingUtils (388)
[2021.10.13-03.29.17:549][948]LogModuleManager: Shutting down and abandoning module EditableMesh (386)
[2021.10.13-03.29.17:549][948]LogModuleManager: Shutting down and abandoning module CustomMeshComponent (384)
[2021.10.13-03.29.17:549][948]LogModuleManager: Shutting down and abandoning module CableComponent (382)
[2021.10.13-03.29.17:549][948]LogModuleManager: Shutting down and abandoning module AudioCapture (380)
[2021.10.13-03.29.17:549][948]LogModuleManager: Shutting down and abandoning module ArchVisCharacter (378)
[2021.10.13-03.29.17:549][948]LogModuleManager: Shutting down and abandoning module AndroidPermission (376)
[2021.10.13-03.29.17:549][948]LogModuleManager: Shutting down and abandoning module NUTUnrealEngine4 (374)
[2021.10.13-03.29.17:549][948]LogModuleManager: Shutting down and abandoning module NetcodeUnitTest (372)
[2021.10.13-03.29.17:549][948]LogModuleManager: Shutting down and abandoning module MediaCompositing (370)
[2021.10.13-03.29.17:549][948]LogModuleManager: Shutting down and abandoning module LinearTimecode (368)
[2021.10.13-03.29.17:549][948]LogModuleManager: Shutting down and abandoning module ImgMedia (366)
[2021.10.13-03.29.17:553][948]LogModuleManager: Shutting down and abandoning module HTML5Networking (364)
[2021.10.13-03.29.17:553][948]LogModuleManager: Shutting down and abandoning module GeometryCacheTracks (362)
[2021.10.13-03.29.17:553][948]LogModuleManager: Shutting down and abandoning module GeometryCacheSequencer (360)
[2021.10.13-03.29.17:553][948]LogModuleManager: Shutting down and abandoning module BackChannel (358)
[2021.10.13-03.29.17:553][948]LogModuleManager: Shutting down and abandoning module AppleVision (356)
[2021.10.13-03.29.17:553][948]LogModuleManager: Shutting down and abandoning module AppleImageUtilsBlueprintSupport (354)
[2021.10.13-03.29.17:553][948]LogModuleManager: Shutting down and abandoning module AppleImageUtils (352)
[2021.10.13-03.29.17:553][948]LogModuleManager: Shutting down and abandoning module AlembicImporter (350)
[2021.10.13-03.29.17:553][948]LogModuleManager: Shutting down and abandoning module AlembicLibrary (349)
[2021.10.13-03.29.17:553][948]LogModuleManager: Shutting down and abandoning module GeometryCache (348)
[2021.10.13-03.29.17:553][948]LogModuleManager: Shutting down and abandoning module GeometryCacheEd (347)
[2021.10.13-03.29.17:553][948]LogModuleManager: Shutting down and abandoning module VariantManagerContent (342)
[2021.10.13-03.29.17:553][948]LogModuleManager: Shutting down and abandoning module DatasmithContentEditor (340)
[2021.10.13-03.29.17:553][948]LogModuleManager: Shutting down and abandoning module SpeedTreeImporter (338)
[2021.10.13-03.29.17:553][948]LogModuleManager: Shutting down and abandoning module PluginBrowser (336)
[2021.10.13-03.29.17:553][948]LogModuleManager: Shutting down and abandoning module MobileLauncherProfileWizard (334)
[2021.10.13-03.29.17:553][948]LogModuleManager: Shutting down and abandoning module PolygonModeling (332)
[2021.10.13-03.29.17:553][948]LogModuleManager: Shutting down and abandoning module MeshEditor (330)
[2021.10.13-03.29.17:553][948]LogModuleManager: Shutting down and abandoning module CryptoKeysOpenSSL (328)
[2021.10.13-03.29.17:553][948]LogModuleManager: Shutting down and abandoning module CryptoKeys (326)
[2021.10.13-03.29.17:553][948]LogModuleManager: Shutting down and abandoning module VisualStudioSourceCodeAccess (324)
[2021.10.13-03.29.17:553][948]LogModuleManager: Shutting down and abandoning module VisualStudioCodeSourceCodeAccess (322)
[2021.10.13-03.29.17:553][948]LogModuleManager: Shutting down and abandoning module UObjectPlugin (320)
[2021.10.13-03.29.17:553][948]LogModuleManager: Shutting down and abandoning module SubversionSourceControl (318)
[2021.10.13-03.29.17:553][948]LogModuleManager: Shutting down and abandoning module PerforceSourceControl (316)
[2021.10.13-03.29.17:553][948]LogModuleManager: Shutting down and abandoning module GitSourceControl (314)
[2021.10.13-03.29.17:553][948]LogModuleManager: Shutting down and abandoning module SourceControl (313)
[2021.10.13-03.29.17:555][948]LogModuleManager: Shutting down and abandoning module CLionSourceCodeAccess (310)
[2021.10.13-03.29.17:555][948]LogModuleManager: Shutting down and abandoning module ActorLayerUtilitiesEditor (308)
[2021.10.13-03.29.17:555][948]LogModuleManager: Shutting down and abandoning module ActorLayerUtilities (306)
[2021.10.13-03.29.17:555][948]LogModuleManager: Shutting down and abandoning module LightPropagationVolumeEditor (304)
[2021.10.13-03.29.17:555][948]LogModuleManager: Shutting down and abandoning module PaperTiledImporter (302)
[2021.10.13-03.29.17:555][948]LogModuleManager: Shutting down and abandoning module PaperSpriteSheetImporter (300)
[2021.10.13-03.29.17:555][948]LogModuleManager: Shutting down and abandoning module Paper2DEditor (298)
[2021.10.13-03.29.17:555][948]LogModuleManager: Shutting down and abandoning module MeshPaint (297)
[2021.10.13-03.29.17:555][948]LogModuleManager: Shutting down and abandoning module RuntimePhysXCooking (294)
[2021.10.13-03.29.17:555][948]LogModuleManager: Shutting down and abandoning module PhysXVehiclesEditor (292)
[2021.10.13-03.29.17:555][948]LogModuleManager: Shutting down and abandoning module PhysXVehicles (290)
[2021.10.13-03.29.17:555][948]LogModuleManager: Shutting down and abandoning module OculusEditor (288)
[2021.10.13-03.29.17:555][948]LogModuleManager: Shutting down and abandoning module LocationServicesBPLibrary (286)
[2021.10.13-03.29.17:555][948]LogModuleManager: Shutting down and abandoning module ActorSequence (284)
[2021.10.13-03.29.17:555][948]LogModuleManager: Shutting down and abandoning module UdpMessaging (282)
[2021.10.13-03.29.17:656][948]LogModuleManager: Shutting down and abandoning module TcpMessaging (280)
[2021.10.13-03.29.17:757][948]LogModuleManager: Shutting down and abandoning module MagicLeapAudio (278)
[2021.10.13-03.29.17:757][948]LogModuleManager: Shutting down and abandoning module GameplayTagsEditor (276)
[2021.10.13-03.29.17:757][948]LogModuleManager: Shutting down and abandoning module FacialAnimationEditor (274)
[2021.10.13-03.29.17:757][948]LogModuleManager: Shutting down and abandoning module FacialAnimation (272)
[2021.10.13-03.29.17:757][948]LogModuleManager: Shutting down and abandoning module DataValidation (270)
[2021.10.13-03.29.17:757][948]LogModuleManager: Shutting down and abandoning module AssetManagerEditor (268)
[2021.10.13-03.29.17:757][948]LogModuleManager: Shutting down and abandoning module LevelEditor (267)
[2021.10.13-03.29.17:757][948]LogModuleManager: Shutting down and abandoning module PixelInspectorModule (266)
[2021.10.13-03.29.17:757][948]LogModuleManager: Shutting down and abandoning module CommonMenuExtensions (264)
[2021.10.13-03.29.17:757][948]LogModuleManager: Shutting down and abandoning module MainFrame (262)
[2021.10.13-03.29.17:757][948]LogModuleManager: Shutting down and abandoning module HotReload (261)
[2021.10.13-03.29.17:758][948]LogModuleManager: Shutting down and abandoning module ContentBrowser (257)
[2021.10.13-03.29.17:759][948]LogModuleManager: Shutting down and abandoning module TreeMap (255)
[2021.10.13-03.29.17:759][948]LogModuleManager: Shutting down and abandoning module LightPropagationVolumeRuntime (252)
[2021.10.13-03.29.17:759][948]LogModuleManager: Shutting down and abandoning module AISupportModule (250)
[2021.10.13-03.29.17:759][948]LogModuleManager: Shutting down and abandoning module Paper2D (248)
[2021.10.13-03.29.17:759][948]LogModuleManager: Shutting down and abandoning module WindowsMoviePlayer (246)
[2021.10.13-03.29.17:759][948]LogModuleManager: Shutting down and abandoning module WebMMoviePlayer (244)
[2021.10.13-03.29.17:759][948]LogModuleManager: Shutting down and abandoning module WmfMedia (242)
[2021.10.13-03.29.17:762][948]LogModuleManager: Shutting down and abandoning module Media (241)
[2021.10.13-03.29.17:769][948]LogModuleManager: Shutting down and abandoning module PacketHandler (238)
[2021.10.13-03.29.17:769][948]LogModuleManager: Shutting down and abandoning module ClothingSystemEditor (236)
[2021.10.13-03.29.17:769][948]LogModuleManager: Shutting down and abandoning module ClothingSystemRuntime (234)
[2021.10.13-03.29.17:769][948]LogModuleManager: Shutting down and abandoning module MediaAssets (232)
[2021.10.13-03.29.17:769][948]LogModuleManager: Shutting down and abandoning module Overlay (230)
[2021.10.13-03.29.17:769][948]LogModuleManager: Shutting down and abandoning module OverlayEditor (229)
[2021.10.13-03.29.17:769][948]LogModuleManager: Shutting down and abandoning module VREditor (226)
[2021.10.13-03.29.17:769][948]LogModuleManager: Shutting down and abandoning module StringTableEditor (224)
[2021.10.13-03.29.17:769][948]LogModuleManager: Shutting down and abandoning module GameplayTasksEditor (222)
[2021.10.13-03.29.17:769][948]LogModuleManager: Shutting down and abandoning module BehaviorTreeEditor (220)
[2021.10.13-03.29.17:769][948]LogModuleManager: Shutting down and abandoning module FunctionalTesting (218)
[2021.10.13-03.29.17:769][948]LogModuleManager: Shutting down and abandoning module CollisionAnalyzer (216)
[2021.10.13-03.29.17:769][948]LogModuleManager: Shutting down and abandoning module WorkspaceMenuStructure (215)
[2021.10.13-03.29.17:769][948]LogModuleManager: Shutting down and abandoning module UMG (212)
[2021.10.13-03.29.17:769][948]LogModuleManager: Shutting down and abandoning module UMGEditor (211)
[2021.10.13-03.29.17:769][948]LogModuleManager: Shutting down and abandoning module Sequencer (210)
[2021.10.13-03.29.17:769][948]LogModuleManager: Shutting down and abandoning module MessageLog (207)
[2021.10.13-03.29.17:769][948]LogModuleManager: Shutting down and abandoning module SlateReflector (202)
[2021.10.13-03.29.17:769][948]LogModuleManager: Shutting down and abandoning module Slate (200)
[2021.10.13-03.29.17:769][948]LogModuleManager: Shutting down and abandoning module EditorStyle (198)
[2021.10.13-03.29.17:770][948]LogModuleManager: Shutting down and abandoning module MRMesh (196)
[2021.10.13-03.29.17:770][948]LogModuleManager: Shutting down and abandoning module SourceCodeAccess (194)
[2021.10.13-03.29.17:771][948]LogModuleManager: Shutting down and abandoning module HeadMountedDisplay (192)
[2021.10.13-03.29.17:771][948]LogModuleManager: Shutting down and abandoning module XAudio2 (190)
[2021.10.13-03.29.17:771][948]LogModuleManager: Shutting down and abandoning module Networking (188)
[2021.10.13-03.29.17:771][948]LogModuleManager: Shutting down and abandoning module Core (186)
[2021.10.13-03.29.17:771][948]LogModuleManager: Shutting down and abandoning module LevelSequence (184)
[2021.10.13-03.29.17:771][948]LogModuleManager: Shutting down and abandoning module KismetCompiler (182)
[2021.10.13-03.29.17:771][948]LogModuleManager: Shutting down and abandoning module MeshUtilities (180)
[2021.10.13-03.29.17:771][948]LogModuleManager: Shutting down and abandoning module MeshMergeUtilities (179)
[2021.10.13-03.29.17:771][948]LogModuleManager: Shutting down and abandoning module MeshReductionInterface (178)
[2021.10.13-03.29.17:771][948]LogModuleManager: Shutting down and abandoning module SimplygonSwarm (177)
[2021.10.13-03.29.17:771][948]LogModuleManager: Shutting down and abandoning module ProxyLODMeshReduction (175)
[2021.10.13-03.29.17:771][948]LogModuleManager: Shutting down and abandoning module SimplygonMeshReduction (173)
[2021.10.13-03.29.17:771][948]LogModuleManager: Shutting down and abandoning module QuadricMeshReduction (171)
[2021.10.13-03.29.17:771][948]LogModuleManager: Shutting down and abandoning module MaterialBaking (167)
[2021.10.13-03.29.17:771][948]LogModuleManager: Shutting down and abandoning module DirectoryWatcher (163)
[2021.10.13-03.29.17:771][948]LogModuleManager: Shutting down and abandoning module DerivedDataCache (160)
[2021.10.13-03.29.18:198][948]LogDerivedDataCache: Shutdown
[2021.10.13-03.29.18:198][948]LogModuleManager: Shutting down and abandoning module XGEController (158)
[2021.10.13-03.29.18:198][948]LogModuleManager: Shutting down and abandoning module TargetPlatform (156)
[2021.10.13-03.29.18:198][948]LogModuleManager: Shutting down and abandoning module VulkanShaderFormat (155)
[2021.10.13-03.29.18:198][948]LogModuleManager: Shutting down and abandoning module ShaderFormatVectorVM (153)
[2021.10.13-03.29.18:198][948]LogModuleManager: Shutting down and abandoning module ShaderFormatOpenGL (151)
[2021.10.13-03.29.18:198][948]LogModuleManager: Shutting down and abandoning module ShaderFormatD3D (149)
[2021.10.13-03.29.18:198][948]LogModuleManager: Shutting down and abandoning module MetalShaderFormat (147)
[2021.10.13-03.29.18:198][948]LogModuleManager: Shutting down and abandoning module TextureFormatUncompressed (145)
[2021.10.13-03.29.18:198][948]LogModuleManager: Shutting down and abandoning module TextureFormatPVR (143)
[2021.10.13-03.29.18:198][948]LogModuleManager: Shutting down and abandoning module TextureFormatDXT (141)
[2021.10.13-03.29.18:198][948]LogModuleManager: Shutting down and abandoning module TextureFormatIntelISPCTexComp (139)
[2021.10.13-03.29.18:198][948]LogModuleManager: Shutting down and abandoning module TextureFormatASTC (137)
[2021.10.13-03.29.18:198][948]LogModuleManager: Shutting down and abandoning module ImageWrapper (136)
[2021.10.13-03.29.18:198][948]LogModuleManager: Shutting down and abandoning module TextureFormatAndroid (133)
[2021.10.13-03.29.18:198][948]LogModuleManager: Shutting down and abandoning module AudioFormatOpus (131)
[2021.10.13-03.29.18:198][948]LogModuleManager: Shutting down and abandoning module AudioFormatOgg (129)
[2021.10.13-03.29.18:198][948]LogModuleManager: Shutting down and abandoning module AudioFormatADPCM (127)
[2021.10.13-03.29.18:198][948]LogModuleManager: Shutting down and abandoning module LuminTargetPlatform (125)
[2021.10.13-03.29.18:199][948]LogModuleManager: Shutting down and abandoning module LinuxTargetPlatform (123)
[2021.10.13-03.29.18:199][948]LogModuleManager: Shutting down and abandoning module LinuxServerTargetPlatform (121)
[2021.10.13-03.29.18:199][948]LogModuleManager: Shutting down and abandoning module LinuxNoEditorTargetPlatform (119)
[2021.10.13-03.29.18:199][948]LogModuleManager: Shutting down and abandoning module LinuxClientTargetPlatform (117)
[2021.10.13-03.29.18:199][948]LogModuleManager: Shutting down and abandoning module TVOSTargetPlatform (115)
[2021.10.13-03.29.18:200][948]LogModuleManager: Shutting down and abandoning module Messaging (113)
[2021.10.13-03.29.18:200][948]LogModuleManager: Shutting down and abandoning module IOSTargetPlatform (111)
[2021.10.13-03.29.18:201][948]LogModuleManager: Shutting down and abandoning module HTML5TargetPlatform (109)
[2021.10.13-03.29.18:201][948]LogModuleManager: Shutting down and abandoning module AndroidTargetPlatform (107)
[2021.10.13-03.29.18:207][948]LogModuleManager: Shutting down and abandoning module WindowsTargetPlatform (105)
[2021.10.13-03.29.18:207][948]LogModuleManager: Shutting down and abandoning module WindowsServerTargetPlatform (103)
[2021.10.13-03.29.18:207][948]LogModuleManager: Shutting down and abandoning module WindowsNoEditorTargetPlatform (101)
[2021.10.13-03.29.18:207][948]LogModuleManager: Shutting down and abandoning module WindowsClientTargetPlatform (99)
[2021.10.13-03.29.18:207][948]LogModuleManager: Shutting down and abandoning module MacTargetPlatform (97)
[2021.10.13-03.29.18:207][948]LogModuleManager: Shutting down and abandoning module MacServerTargetPlatform (95)
[2021.10.13-03.29.18:207][948]LogModuleManager: Shutting down and abandoning module MacNoEditorTargetPlatform (93)
[2021.10.13-03.29.18:207][948]LogModuleManager: Shutting down and abandoning module MacClientTargetPlatform (91)
[2021.10.13-03.29.18:207][948]LogModuleManager: Shutting down and abandoning module AllDesktopTargetPlatform (89)
[2021.10.13-03.29.18:207][948]LogModuleManager: Shutting down and abandoning module InputCore (86)
[2021.10.13-03.29.18:207][948]LogModuleManager: Shutting down and abandoning module Settings (84)
[2021.10.13-03.29.18:207][948]LogModuleManager: Shutting down and abandoning module PhysXCooking (82)
[2021.10.13-03.29.18:208][948]LogModuleManager: Shutting down and abandoning module SteamVR (80)
[2021.10.13-03.29.18:208][948]LogHMD: Freeing OpenVRDLLHandle.
[2021.10.13-03.29.18:208][948]LogModuleManager: Shutting down and abandoning module OculusHMD (78)
[2021.10.13-03.29.18:208][948]LogModuleManager: Shutting down and abandoning module ExampleDeviceProfileSelector (76)
[2021.10.13-03.29.18:208][948]LogModuleManager: Shutting down and abandoning module LauncherChunkInstaller (74)
[2021.10.13-03.29.18:208][948]LogModuleManager: Shutting down and abandoning module OnlineBlueprintSupport (72)
[2021.10.13-03.29.18:208][948]LogModuleManager: Shutting down and abandoning module OnlineSubsystem (68)
[2021.10.13-03.29.18:209][948]LogModuleManager: Shutting down and abandoning module XMPP (63)
[2021.10.13-03.29.18:209][948]LogModuleManager: Shutting down and abandoning module WebSockets (62)
[2021.10.13-03.29.18:227][948]LogModuleManager: Shutting down and abandoning module HTTP (59)
[2021.10.13-03.29.18:227][948]LogHttp: Display: Http module shutting down, but needs to wait on 1 outstanding Http requests:
[2021.10.13-03.29.18:227][948]LogHttp: Display: 	verb=[POST] url=[https://datarouter.ol.epicgames.com/datarouter/api/v1/public/data?SessionID=%7B1B2E9A91-4E1E-5064-7B0B-87A33D6FC2A7%7D&AppID=UEEditor.Rocket.Release&AppVersion=4.21.2-4753647%2B%2B%2BUE4%2BRelease-4.21&UserID=e8b4e3cd4db43239b5119da6b33c6378%7C413e4b7f66cf4efc94a25dee98653151%7C66363964-1afc-4c9f-b844-f1b2742f01a3&AppEnvironment=datacollector-binary&UploadType=eteventstream] status=Processing
[2021.10.13-03.29.18:227][948]LogHttp: Display: Sleeping 0.5s to wait for 1 outstanding Http requests.
[2021.10.13-03.29.18:745][948]LogModuleManager: Shutting down and abandoning module SSL (58)
[2021.10.13-03.29.18:746][948]LogModuleManager: Shutting down and abandoning module MagicLeapIdentity (54)
[2021.10.13-03.29.18:746][948]LogModuleManager: Shutting down and abandoning module MagicLeapHelperVulkan (52)
[2021.10.13-03.29.18:746][948]LogModuleManager: Shutting down and abandoning module MagicLeapHelperOpenGL (50)
[2021.10.13-03.29.18:746][948]LogModuleManager: Shutting down and abandoning module MagicLeapSecureStorage (48)
[2021.10.13-03.29.18:746][948]LogModuleManager: Shutting down and abandoning module MagicLeapHandTracking (46)
[2021.10.13-03.29.18:746][948]LogModuleManager: Shutting down and abandoning module MagicLeapEyeTracker (44)
[2021.10.13-03.29.18:746][948]LogModuleManager: Shutting down and abandoning module MagicLeapController (42)
[2021.10.13-03.29.18:746][948]LogSlate: Slate User Destroyed.  User Index 0, Is Virtual User: 0
[2021.10.13-03.29.18:746][948]LogModuleManager: Shutting down and abandoning module MagicLeap (40)
[2021.10.13-03.29.18:746][948]LogModuleManager: Shutting down and abandoning module DatasmithContent (38)
[2021.10.13-03.29.18:747][948]LogModuleManager: Shutting down and abandoning module AnimationModifiers (36)
[2021.10.13-03.29.18:747][948]LogModuleManager: Shutting down and abandoning module PropertyEditor (35)
[2021.10.13-03.29.18:747][948]LogModuleManager: Shutting down and abandoning module AudioEditor (32)
[2021.10.13-03.29.18:747][948]LogModuleManager: Shutting down and abandoning module TextureCompressor (30)
[2021.10.13-03.29.18:747][948]LogModuleManager: Shutting down and abandoning module ShaderCore (28)
[2021.10.13-03.29.18:747][948]LogModuleManager: Shutting down and abandoning module Landscape (26)
[2021.10.13-03.29.18:747][948]LogModuleManager: Shutting down and abandoning module SlateRHIRenderer (24)
[2021.10.13-03.29.18:747][948]LogModuleManager: Shutting down and abandoning module OpenGLDrv (22)
[2021.10.13-03.29.18:747][948]LogModuleManager: Shutting down and abandoning module D3D11RHI (20)
[2021.10.13-03.29.18:747][948]LogModuleManager: Shutting down and abandoning module AnimGraphRuntime (18)
[2021.10.13-03.29.18:747][948]LogModuleManager: Shutting down and abandoning module Renderer (16)
[2021.10.13-03.29.18:747][948]LogModuleManager: Shutting down and abandoning module Engine (14)
[2021.10.13-03.29.18:747][948]LogModuleManager: Shutting down and abandoning module CoreUObject (12)
[2021.10.13-03.29.18:747][948]LogModuleManager: Shutting down and abandoning module NetworkFile (10)
[2021.10.13-03.29.18:747][948]LogModuleManager: Shutting down and abandoning module CookedIterativeFile (8)
[2021.10.13-03.29.18:747][948]LogModuleManager: Shutting down and abandoning module StreamingFile (6)
[2021.10.13-03.29.18:747][948]LogModuleManager: Shutting down and abandoning module SandboxFile (4)
[2021.10.13-03.29.18:747][948]LogModuleManager: Shutting down and abandoning module PakFile (2)
[2021.10.13-03.29.18:757][948]LogExit: Exiting.
[2021.10.13-03.29.18:760][948]Log file closed, 10/12/21 22:29:18
