"../../../Engine/Content/EditorBlueprintResources/StandardMacros.uasset" 0
"../../../../../../Users/Mo/Documents/GitHub/GAME-2303/SimpleUnrealFPS/Content/AR4/AR4/AR4/T_KA74U_ALB.uasset" 1
"../../../../../../Users/Mo/Documents/GitHub/GAME-2303/SimpleUnrealFPS/Content/AR4/AR4/AR4/T_KA74U_M_MSK.uasset" 2
"../../../../../../Users/Mo/Documents/GitHub/GAME-2303/SimpleUnrealFPS/Content/AR4/AR4/AR4/T_KA74U_NRM.uasset" 3
"../../../../../../Users/Mo/Documents/GitHub/GAME-2303/SimpleUnrealFPS/Content/Patterns/T_Stripes__Pattern.uasset" 4
"../../../../../../Users/Mo/Documents/GitHub/GAME-2303/SimpleUnrealFPS/Content/AR4/AR4/AR4/M_Weapon_Master_USE.uasset" 5
"../../../../../../Users/Mo/Documents/GitHub/GAME-2303/SimpleUnrealFPS/Content/AR4/Ammunition/T_9mm_ALB.uasset" 6
"../../../../../../Users/Mo/Documents/GitHub/GAME-2303/SimpleUnrealFPS/Content/AR4/Ammunition/T_9mm_M_MSK.uasset" 7
"../../../../../../Users/Mo/Documents/GitHub/GAME-2303/SimpleUnrealFPS/Content/AR4/Ammunition/T_9mm_NRM.uasset" 8
"../../../../../../Users/Mo/Documents/GitHub/GAME-2303/SimpleUnrealFPS/Content/AR4/M_9mm.uasset" 9
"../../../../../../Users/Mo/Documents/GitHub/GAME-2303/SimpleUnrealFPS/Content/AR4/Ammunition/T_762x39_ALB.uasset" 10
"../../../../../../Users/Mo/Documents/GitHub/GAME-2303/SimpleUnrealFPS/Content/AR4/Ammunition/T_762x39_M_MSK.uasset" 11
"../../../../../../Users/Mo/Documents/GitHub/GAME-2303/SimpleUnrealFPS/Content/AR4/Ammunition/T_762x39_NRM.uasset" 12
"../../../../../../Users/Mo/Documents/GitHub/GAME-2303/SimpleUnrealFPS/Content/AR4/Ammunition/M_762x39_Empty.uasset" 13
"../../../../../../Users/Mo/Documents/GitHub/GAME-2303/SimpleUnrealFPS/Content/AR4/AR4/T_AR4_ALB.uasset" 14
"../../../../../../Users/Mo/Documents/GitHub/GAME-2303/SimpleUnrealFPS/Content/AR4/AR4/T_AR4_M_MSK.uasset" 15
"../../../../../../Users/Mo/Documents/GitHub/GAME-2303/SimpleUnrealFPS/Content/AR4/AR4/T_AR4_NRM.uasset" 16
"../../../../../../Users/Mo/Documents/GitHub/GAME-2303/SimpleUnrealFPS/Content/AR4/M_AR4.uasset" 17
"../../../../../../Users/Mo/Documents/GitHub/GAME-2303/SimpleUnrealFPS/Content/AR4/SM_AR4_Mag.uasset" 18
"../../../../../../Users/Mo/Documents/GitHub/GAME-2303/SimpleUnrealFPS/Content/bpAmmoPU.uasset" 19
"../../../../../../Users/Mo/Documents/GitHub/GAME-2303/SimpleUnrealFPS/Content/bpMovingObject.uasset" 20
"../../../../../../Users/Mo/Documents/GitHub/GAME-2303/SimpleUnrealFPS/Content/NewMaterial1.uasset" 21
"../../../Engine/Content/Functions/Engine_MaterialFunctions01/Opacity/CameraDepthFade.uasset" 22
"../../../Engine/Content/EngineMaterials/T_Default_Material_Grid_M.uasset" 23
"../../../Engine/Content/EngineMaterials/T_Default_Material_Grid_N.uasset" 24
"../../../Engine/Content/EngineMaterials/DefaultMaterial.uasset" 25
"../../../Engine/Content/BasicShapes/Sphere.uasset" 26
"../../../../../../Users/Mo/Documents/GitHub/GAME-2303/SimpleUnrealFPS/Content/bpTarget.uasset" 27
"../../../../../../Users/Mo/Documents/GitHub/GAME-2303/SimpleUnrealFPS/Content/NewMaterial.uasset" 28
"../../../../../../Users/Mo/Documents/GitHub/GAME-2303/SimpleUnrealFPS/Content/bpBullet.uasset" 29
"../../../../../../Users/Mo/Documents/GitHub/GAME-2303/SimpleUnrealFPS/Content/AR4/SM_AR4_X.uasset" 30
"../../../../../../Users/Mo/Documents/GitHub/GAME-2303/SimpleUnrealFPS/Content/HUD.uasset" 31
"../../../../../../Users/Mo/Documents/GitHub/GAME-2303/SimpleUnrealFPS/Content/bpPlayerCharacter.uasset" 32
"../../../../../../Users/Mo/Documents/GitHub/GAME-2303/SimpleUnrealFPS/Content/bpGameMode.uasset" 33
"../../../../../../Users/Mo/Documents/GitHub/GAME-2303/SimpleUnrealFPS/Content/bpMovableActor.uasset" 34
"../../../Engine/Content/EngineSky/C_Sky_Cloud_Color.uasset" 35
"../../../Engine/Content/EngineSky/C_Sky_Horizon_Color.uasset" 36
"../../../Engine/Content/EngineSky/C_Sky_Zenith_Color.uasset" 37
"../../../Engine/Content/EngineSky/T_Sky_Blue.uasset" 38
"../../../Engine/Content/EngineSky/T_Sky_Clouds_M.uasset" 39
"../../../Engine/Content/EngineSky/T_Sky_Stars.uasset" 40
"../../../Engine/Content/EngineSky/M_Sky_Panning_Clouds2.uasset" 41
"../../../Engine/Content/EngineSky/SM_SkySphere.uasset" 42
"../../../Engine/Content/EngineSky/BP_Sky_Sphere.uasset" 43
"../../../../../../Users/Mo/Documents/GitHub/GAME-2303/SimpleUnrealFPS/Content/MovingObject.uasset" 44
"../../../../../../Users/Mo/Documents/GitHub/GAME-2303/SimpleUnrealFPS/Content/NewBlueprint.uasset" 45
"../../../../../../Users/Mo/Documents/GitHub/GAME-2303/SimpleUnrealFPS/Content/NewMaterialInstanceConstant.uasset" 46
"../../../../../../Users/Mo/Documents/GitHub/GAME-2303/SimpleUnrealFPS/Content/AR4/SK_AR4_Physics.uasset" 47
"../../../../../../Users/Mo/Documents/GitHub/GAME-2303/SimpleUnrealFPS/Content/AR4/SK_AR4_Skeleton.uasset" 48
"../../../../../../Users/Mo/Documents/GitHub/GAME-2303/SimpleUnrealFPS/Content/AR4/SK_AR4.uasset" 49
"../../../../../../Users/Mo/Documents/GitHub/GAME-2303/SimpleUnrealFPS/Content/AR4/SK_AR4_X_Physics.uasset" 50
"../../../../../../Users/Mo/Documents/GitHub/GAME-2303/SimpleUnrealFPS/Content/AR4/SK_AR4_X_Skeleton.uasset" 51
"../../../../../../Users/Mo/Documents/GitHub/GAME-2303/SimpleUnrealFPS/Content/AR4/SK_AR4_X.uasset" 52
"../../../../../../Users/Mo/Documents/GitHub/GAME-2303/SimpleUnrealFPS/Content/AR4/SM_AR4.uasset" 53
"../../../../../../Users/Mo/Documents/GitHub/GAME-2303/SimpleUnrealFPS/Content/AR4/SM_AR4_Mag_Empty.uasset" 54
"../../../../../../Users/Mo/Documents/GitHub/GAME-2303/SimpleUnrealFPS/Content/AR4/Ammunition/T_12Gauge_ALB.uasset" 55
"../../../../../../Users/Mo/Documents/GitHub/GAME-2303/SimpleUnrealFPS/Content/AR4/Ammunition/T_12Gauge_M_MSK.uasset" 56
"../../../../../../Users/Mo/Documents/GitHub/GAME-2303/SimpleUnrealFPS/Content/AR4/Ammunition/T_12Gauge_NRM.uasset" 57
"../../../../../../Users/Mo/Documents/GitHub/GAME-2303/SimpleUnrealFPS/Content/AR4/Ammunition/T_40mm_Grenade_ALB.uasset" 58
"../../../../../../Users/Mo/Documents/GitHub/GAME-2303/SimpleUnrealFPS/Content/AR4/Ammunition/T_40mm_Grenade_M_MSK.uasset" 59
"../../../../../../Users/Mo/Documents/GitHub/GAME-2303/SimpleUnrealFPS/Content/AR4/Ammunition/T_40mm_Grenade_NRM.uasset" 60
"../../../../../../Users/Mo/Documents/GitHub/GAME-2303/SimpleUnrealFPS/Content/AR4/Ammunition/T_45ap_ALB.uasset" 61
"../../../../../../Users/Mo/Documents/GitHub/GAME-2303/SimpleUnrealFPS/Content/AR4/Ammunition/T_45ap_M_MSK.uasset" 62
"../../../../../../Users/Mo/Documents/GitHub/GAME-2303/SimpleUnrealFPS/Content/AR4/Ammunition/T_45ap_NRM.uasset" 63
"../../../../../../Users/Mo/Documents/GitHub/GAME-2303/SimpleUnrealFPS/Content/AR4/Ammunition/T_9x18_ALB.uasset" 64
"../../../../../../Users/Mo/Documents/GitHub/GAME-2303/SimpleUnrealFPS/Content/AR4/Ammunition/T_9x18_M_MSK.uasset" 65
"../../../../../../Users/Mo/Documents/GitHub/GAME-2303/SimpleUnrealFPS/Content/AR4/Ammunition/T_9x18_NRM.uasset" 66
"../../../../../../Users/Mo/Documents/GitHub/GAME-2303/SimpleUnrealFPS/Content/Patterns/T_Desert_Marpat_Pattern.uasset" 67
"../../../../../../Users/Mo/Documents/GitHub/GAME-2303/SimpleUnrealFPS/Content/AR4/AR4/AR4/M_AR4_Pattern.uasset" 68
"../../../../../../Users/Mo/Documents/GitHub/GAME-2303/SimpleUnrealFPS/Content/Patterns/T_Chochip_Pattern.uasset" 69
"../../../../../../Users/Mo/Documents/GitHub/GAME-2303/SimpleUnrealFPS/Content/Patterns/T_Cracks_Pattern.uasset" 70
"../../../../../../Users/Mo/Documents/GitHub/GAME-2303/SimpleUnrealFPS/Content/Patterns/T_Cracks_Pattern_Mat.uasset" 71
"../../../../../../Users/Mo/Documents/GitHub/GAME-2303/SimpleUnrealFPS/Content/Patterns/T_Ink_Pattern.uasset" 72
"../../../../../../Users/Mo/Documents/GitHub/GAME-2303/SimpleUnrealFPS/Content/Patterns/T_LeafSpray_Pattern.uasset" 73
"../../../../../../Users/Mo/Documents/GitHub/GAME-2303/SimpleUnrealFPS/Content/Patterns/T_Net01_Pattern.uasset" 74
"../../../../../../Users/Mo/Documents/GitHub/GAME-2303/SimpleUnrealFPS/Content/Patterns/T_Urban_Marpat_Pattern.uasset" 75
"../../../../../../Users/Mo/Documents/GitHub/GAME-2303/SimpleUnrealFPS/Content/Patterns/T_W90K_Pattern.uasset" 76
"../../../../../../Users/Mo/Documents/GitHub/GAME-2303/SimpleUnrealFPS/Content/Patterns/T_W90_Pattern.uasset" 77
"../../../../../../Users/Mo/Documents/GitHub/GAME-2303/SimpleUnrealFPS/Content/Patterns/T_Wood_Marpat_Pattern.uasset" 78
"../../../Engine/Content/EngineMaterials/WorldGridMaterial.uasset" 79
"../../../Engine/Content/ArtTools/RenderToTexture/Meshes/S_1_Unit_Plane.uasset" 80
"../../../Engine/Content/BasicShapes/Cube.uasset" 81
"../../../Engine/Content/BasicShapes/Cylinder.uasset" 82
"../../../Engine/Content/BasicShapes/Plane.uasset" 83
"../../../Engine/Content/EditorLandscapeResources/DataLayer.uasset" 84
"../../../Engine/Content/EditorMaterials/GizmoMaterial.uasset" 85
"../../../Engine/Content/EditorMaterials/MAT_Groups_Toggle.uasset" 86
"../../../Engine/Content/EditorMaterials/MAT_Groups_Visibility.uasset" 87
"../../../Engine/Content/EditorMaterials/PreviewShadowIndicator.uasset" 88
"../../../Engine/Content/EditorMaterials/PreviewShadowIndicatorMaterial.uasset" 89
"../../../Engine/Content/EditorMaterials/MatineeGroups/MAT_ColorTrack.uasset" 90
"../../../Engine/Content/EditorMaterials/MatineeGroups/MAT_Groups_Anim.uasset" 91
"../../../Engine/Content/EditorMaterials/MatineeGroups/MAT_Groups_AudioMaster.uasset" 92
"../../../Engine/Content/EditorMaterials/MatineeGroups/MAT_Groups_Director.uasset" 93
"../../../Engine/Content/EditorMaterials/MatineeGroups/MAT_Groups_Event.uasset" 94
"../../../Engine/Content/EditorMaterials/MatineeGroups/MAT_Groups_Fade.uasset" 95
"../../../Engine/Content/EditorMaterials/MatineeGroups/MAT_Groups_Float.uasset" 96
"../../../Engine/Content/EditorMaterials/MatineeGroups/MAT_Groups_Move.uasset" 97
"../../../Engine/Content/EditorMaterials/MatineeGroups/MAT_Groups_Slomo.uasset" 98
"../../../Engine/Content/EditorMaterials/MatineeGroups/MAT_Groups_Sound.uasset" 99
"../../../Engine/Content/EditorMaterials/MatineeGroups/MAT_Groups_Vector.uasset" 100
"../../../Engine/Content/EditorMaterials/ParticleSystems/PSysThumbnail_NoImage.uasset" 101
"../../../Engine/Content/EditorMaterials/ParticleSystems/PSysThumbnail_OOD.uasset" 102
"../../../Engine/Content/EditorMaterials/Camera/CineMat.uasset" 103
"../../../Engine/Content/EditorMaterials/Camera/MI_CineMat_Rig.uasset" 104
"../../../Engine/Content/EditorMeshes/Camera/SM_CraneRig_Arm.uasset" 105
"../../../Engine/Content/EditorMeshes/Camera/SM_CraneRig_Base.uasset" 106
"../../../Engine/Content/EditorMeshes/Camera/SM_CraneRig_Body.uasset" 107
"../../../Engine/Content/EditorMeshes/Camera/SM_CraneRig_Mount.uasset" 108
"../../../Engine/Content/EditorMeshes/Camera/SM_RailRig_Mount.uasset" 109
"../../../Engine/Content/EditorMeshes/Camera/SM_RailRig_Track.uasset" 110
"../../../Engine/Content/EditorResources/BSPVertex.uasset" 111
"../../../Engine/Content/EditorResources/EmptyActor.uasset" 112
"../../../Engine/Content/EditorResources/S_Actor.uasset" 113
"../../../Engine/Content/EditorResources/S_Trigger.uasset" 114
"../../../Engine/Content/EditorResources/LightIcons/S_LightError.uasset" 115
"../../../Engine/Content/EditorResources/SequenceRecorder/Countdown.uasset" 116
"../../../Engine/Content/EditorResources/SequenceRecorder/RecordingIndicator.uasset" 117
"../../../Engine/Content/EditorSounds/Notifications/CompileFailed.uasset" 118
"../../../Engine/Content/EditorSounds/Notifications/CompileFailed_Cue.uasset" 119
"../../../Engine/Content/EditorSounds/Notifications/CompileSuccess.uasset" 120
"../../../Engine/Content/EditorSounds/Notifications/CompileStart_Cue.uasset" 121
"../../../Engine/Content/EditorSounds/Notifications/CompileSuccess_Cue.uasset" 122
"../../../Engine/Content/EngineDamageTypes/DmgTypeBP_Environmental.uasset" 123
"../../../Engine/Content/EngineDebugMaterials/HeatmapGradient.uasset" 124
"../../../Engine/Content/EngineDebugMaterials/BoneWeightMaterial.uasset" 125
"../../../Engine/Content/EngineDebugMaterials/ClothMaterial.uasset" 126
"../../../Engine/Content/EngineDebugMaterials/ClothMaterial_WF.uasset" 127
"../../../Engine/Content/EngineDebugMaterials/DebugEditorMaterial.uasset" 128
"../../../Engine/Content/EngineDebugMaterials/DebugMeshMaterial.uasset" 129
"../../../Engine/Content/EngineDebugMaterials/GeomMaterial.uasset" 130
"../../../Engine/Content/EngineDebugMaterials/M_SimpleTranslucent.uasset" 131
"../../../Engine/Content/EngineFonts/Faces/RobotoBold.uasset" 132
"../../../Engine/Content/EngineFonts/Faces/RobotoBoldItalic.uasset" 133
"../../../Engine/Content/EngineFonts/Faces/RobotoItalic.uasset" 134
"../../../Engine/Content/EngineFonts/Faces/RobotoLight.uasset" 135
"../../../Engine/Content/EngineFonts/Faces/RobotoRegular.uasset" 136
"../../../Engine/Content/EngineFonts/Roboto.uasset" 137
"../../../Engine/Content/EngineFonts/Faces/RobotoTiny.uasset" 138
"../../../Engine/Content/EngineFonts/RobotoTiny.uasset" 139
"../../../Engine/Content/EngineMaterials/BaseFlattenDiffuseMap.uasset" 140
"../../../Engine/Content/EngineMaterials/BaseFlattenEmissiveMap.uasset" 141
"../../../Engine/Content/EngineMaterials/BaseFlattenGrayscaleMap.uasset" 142
"../../../Engine/Content/EngineMaterials/BaseFlattenNormalMap.uasset" 143
"../../../Engine/Content/EngineMaterials/BaseFlattenMaterial.uasset" 144
"../../../Engine/Content/EngineMaterials/DefaultBloomKernel.uasset" 145
"../../../Engine/Content/EngineMaterials/DefaultBokeh.uasset" 146
"../../../Engine/Content/EngineMaterials/DefaultDiffuse.uasset" 147
"../../../Engine/Content/EngineMaterials/DefaultDeferredDecalMaterial.uasset" 148
"../../../Engine/Content/EngineMaterials/DefaultLightFunctionMaterial.uasset" 149
"../../../Engine/Content/EngineMaterials/DefaultPhysicalMaterial.uasset" 150
"../../../Engine/Content/Functions/Engine_MaterialFunctions02/Utility/BreakOutFloat2Components.uasset" 151
"../../../Engine/Content/EngineMaterials/DefaultPostProcessMaterial.uasset" 152
"../../../Engine/Content/EngineFonts/RobotoDistanceField.uasset" 153
"../../../Engine/Content/EngineMaterials/DefaultTextMaterialOpaque.uasset" 154
"../../../Engine/Content/EngineMaterials/DefaultWhiteGrid.uasset" 155
"../../../Engine/Content/EngineMaterials/EditorBrushMaterial.uasset" 156
"../../../Engine/Content/EngineMaterials/Good64x64TilingNoiseHighFreq.uasset" 157
"../../../Engine/Content/EngineMaterials/MiniFont.uasset" 158
"../../../Engine/Content/EngineMaterials/InvalidLightmapSettings.uasset" 159
"../../../Engine/Content/EngineMaterials/M_InvalidLightmapSettings.uasset" 160
"../../../Engine/Content/Functions/Engine_MaterialFunctions02/WorldPositionOffset/CameraOffset.uasset" 161
"../../../Engine/Content/EngineMaterials/PhAT_JointLimitMaterial.uasset" 162
"../../../Engine/Content/EngineMaterials/PreintegratedSkinBRDF.uasset" 163
"../../../Engine/Content/EngineMaterials/RemoveSurfaceMaterial.uasset" 164
"../../../Engine/Content/EngineMaterials/WeightMapPlaceholderTexture.uasset" 165
"../../../Engine/Content/EngineResources/WhiteSquareTexture.uasset" 166
"../../../Engine/Content/EngineMaterials/Widget3DPassThrough.uasset" 167
"../../../Engine/Content/EngineMaterials/Widget3DPassThrough_Masked.uasset" 168
"../../../Engine/Content/EngineMaterials/Widget3DPassThrough_Opaque.uasset" 169
"../../../Engine/Content/EngineMaterials/Widget3DPassThrough_Masked_OneSided.uasset" 170
"../../../Engine/Content/EngineMaterials/Widget3DPassThrough_Opaque_OneSided.uasset" 171
"../../../Engine/Content/EngineMaterials/Widget3DPassThrough_Translucent.uasset" 172
"../../../Engine/Content/EngineMaterials/Widget3DPassThrough_Translucent_OneSided.uasset" 173
"../../../Engine/Content/EngineMeshes/Cube.uasset" 174
"../../../Engine/Content/EngineMeshes/Cylinder.uasset" 175
"../../../Engine/Content/EngineMeshes/Sphere.uasset" 176
"../../../Engine/Content/EngineResources/Black.uasset" 177
"../../../Engine/Content/EngineResources/DefaultTexture.uasset" 178
"../../../Engine/Content/EngineResources/DefaultTextureCube.uasset" 179
"../../../Engine/Content/EngineResources/DefaultVolumeTexture2D.uasset" 180
"../../../Engine/Content/EngineResources/DefaultVolumeTexture.uasset" 181
"../../../Engine/Content/EngineResources/GradientTexture0.uasset" 182
"../../../Engine/Content/EngineSounds/Master.uasset" 183
"../../../Engine/Content/Functions/Engine_MaterialFunctions01/Shading/ConvertFromDiffSpec.uasset" 184
"../../../Engine/Content/Functions/Engine_MaterialFunctions01/Shading/PowerToRoughness.uasset" 185
"../../../Engine/Content/Maps/Templates/Thumbnails/Default.uasset" 186
"../../../Engine/Content/Maps/Templates/Thumbnails/VR-Basic.uasset" 187
"../../../Engine/Content/MobileResources/T_MobileControls_texture.uasset" 188
"../../../Engine/Content/MobileResources/T_MobileMenu2.uasset" 189
"../../../Engine/Content/MobileResources/HUD/AnalogHat.uasset" 190
"../../../Engine/Content/MobileResources/HUD/VirtualJoystick_Background.uasset" 191
"../../../Engine/Content/MobileResources/HUD/VirtualJoystick_Thumb.uasset" 192
"../../../Engine/Content/MobileResources/HUD/DefaultVirtualJoysticks.uasset" 193
"../../../Engine/Content/MobileResources/HUD/LeftVirtualJoystickOnly.uasset" 194
"../../../Engine/Content/MobileResources/HUD/MobileHUDButton1_off.uasset" 195
"../../../Engine/Content/MobileResources/HUD/MobileHUDButton1_on.uasset" 196
"../../../Engine/Content/MobileResources/HUD/MobileHUDButton2_off.uasset" 197
"../../../Engine/Content/MobileResources/HUD/MobileHUDButton2_on.uasset" 198
"../../../Engine/Content/MobileResources/HUD/MobileHUDButton3.uasset" 199
"../../../Engine/Content/MobileResources/HUD/MobileHUDButtonFire.uasset" 200
"../../../Engine/Content/MobileResources/HUD/MobileHUDDirectionPad.uasset" 201
"../../../Engine/Content/MobileResources/HUD/MobileHUDDirectionPad2.uasset" 202
"../../../Engine/Content/MobileResources/HUD/MobileHUDDirectionPad3.uasset" 203
"../../../Engine/Content/MobileResources/HUD/MobileHUDDirectionStick.uasset" 204
"../../../Engine/Content/MobileResources/HUD/T_Castle_ThumbstickInner.uasset" 205
"../../../Engine/Content/MobileResources/HUD/T_Castle_ThumbstickOutter.uasset" 206
"../../../Engine/Content/Tutorial/ContentIntroCurve.uasset" 207
"../../../Engine/Content/Tutorial/Basics/TutorialAssets/icon_tab_Levels_40x.uasset" 208
"../../../Engine/Content/Tutorial/BlueprintTutorials/TutorialAssets/Blueprint_64x.uasset" 209
"../../../Engine/Content/VREditor/LaserPointer/VR_LaserPower_01.uasset" 210
"../../../Engine/Content/VREditor/TransformGizmo/TransformGizmoMaterial.uasset" 211
"../../../Engine/Content/VREditor/TransformGizmo/TranslucentTransformGizmoMaterial.uasset" 212
"../../../Engine/Content/VREditor/TransformGizmo/BoundingBoxCorner.uasset" 213
"../../../Engine/Content/VREditor/TransformGizmo/BoundingBoxEdge.uasset" 214
"../../../Engine/Content/VREditor/TransformGizmo/PlaneTranslationHandle.uasset" 215
"../../../Engine/Content/VREditor/TransformGizmo/Main.uasset" 216
"../../../Engine/Content/VREditor/TransformGizmo/Xray.uasset" 217
"../../../Engine/Content/VREditor/TransformGizmo/SM_Sequencer_Key.uasset" 218
"../../../Engine/Content/VREditor/TransformGizmo/SM_Sequencer_Node.uasset" 219
"../../Plugins/2D/Paper2D/Content/PlaceholderTextures/DummySpriteTexture.uasset" 220
"../../Plugins/2D/Paper2D/Content/DummySprite.uasset" 221
"../../Plugins/2D/Paper2D/Content/DefaultPaperTerrainMaterial.uasset" 222
"../../Plugins/2D/Paper2D/Content/DefaultSpriteMaterial.uasset" 223
"../../Plugins/2D/Paper2D/Content/MaskedUnlitSpriteMaterial.uasset" 224
"../../Plugins/2D/Paper2D/Content/OpaqueUnlitSpriteMaterial.uasset" 225
"../../Plugins/Runtime/Oculus/OculusVR/Content/Materials/PokeAHoleMaterial.uasset" 226
"../../Plugins/Runtime/Oculus/OculusVR/Content/Textures/GearVRController_AO.uasset" 227
"../../Plugins/Runtime/Oculus/OculusVR/Content/Textures/GearVRController_Color.uasset" 228
"../../Plugins/Runtime/Oculus/OculusVR/Content/Textures/GearVRController_Normal.uasset" 229
"../../Plugins/Runtime/Oculus/OculusVR/Content/Materials/GearVRControllerMaterial.uasset" 230
"../../Plugins/Runtime/Oculus/OculusVR/Content/Meshes/GearVrController.uasset" 231
"../../Plugins/Runtime/Oculus/OculusVR/Content/Textures/touchController_albedo.uasset" 232
"../../Plugins/Runtime/Oculus/OculusVR/Content/Textures/touchController_controlmap.uasset" 233
"../../Plugins/Runtime/Oculus/OculusVR/Content/Materials/touchController_mat.uasset" 234
"../../Plugins/Runtime/Oculus/OculusVR/Content/Meshes/LeftTouchController.uasset" 235
"../../Plugins/Runtime/Oculus/OculusVR/Content/Meshes/RiftHMD.uasset" 236
"../../Plugins/Runtime/Oculus/OculusVR/Content/Meshes/RightTouchController.uasset" 237
"../../../../../../Users/Mo/Documents/GitHub/GAME-2303/SimpleUnrealFPS/Content/bpKillZone.uasset" 238
"../../../Engine/Content/BasicShapes/BasicShapeMaterial.uasset" 239
"../../../Engine/Content/BasicShapes/Cone.uasset" 240
"../../../../../../Users/Mo/Documents/GitHub/GAME-2303/SimpleUnrealFPS/Content/bpCone.uasset" 241
"../../../../../../Users/Mo/Documents/GitHub/GAME-2303/SimpleUnrealFPS/Content/FirstLevel_BuiltData.uasset" 242
"../../../../../../Users/Mo/Documents/GitHub/GAME-2303/SimpleUnrealFPS/Content/Patterns/T_80s_Pattern.uasset" 243
"../../../../../../Users/Mo/Documents/GitHub/GAME-2303/SimpleUnrealFPS/Content/Patterns/T_80s_Pattern_Mat.uasset" 244
"../../../../../../Users/Mo/Documents/GitHub/GAME-2303/SimpleUnrealFPS/Content/Patterns/T_Hexagon_Glow_Pattern.uasset" 245
"../../../../../../Users/Mo/Documents/GitHub/GAME-2303/SimpleUnrealFPS/Content/Patterns/T_Hexagon_Glow_Pattern_Mat.uasset" 246
"../../../../../../Users/Mo/Documents/GitHub/GAME-2303/SimpleUnrealFPS/Content/Patterns/T_Hexagon_Pattern.uasset" 247
"../../../../../../Users/Mo/Documents/GitHub/GAME-2303/SimpleUnrealFPS/Content/Patterns/T_Hexagon_Pattern_Mat.uasset" 248
"../../../../../../Users/Mo/Documents/GitHub/GAME-2303/SimpleUnrealFPS/Content/Patterns/T_Stripes__Pattern_Mat.uasset" 249
"../../../Engine/Content/MapTemplates/SM_Template_Map_Floor.uasset" 250
"../../../../../../Users/Mo/Documents/GitHub/GAME-2303/SimpleUnrealFPS/Content/FirstLevel.umap" 251
"../../../../../../Users/Mo/Documents/GitHub/GAME-2303/SimpleUnrealFPS/Content/wGameOver.uasset" 252
"../../../../../../Users/Mo/Documents/GitHub/GAME-2303/SimpleUnrealFPS/Content/GameOver.umap" 253
"../../../../../../Users/Mo/Documents/GitHub/GAME-2303/SimpleUnrealFPS/Content/titleScreen_BuiltData.uasset" 254
"../../../../../../Users/Mo/Documents/GitHub/GAME-2303/SimpleUnrealFPS/Content/Patterns/BIfP7i.uasset" 255
"../../../../../../Users/Mo/Documents/GitHub/GAME-2303/SimpleUnrealFPS/Content/wTitleScreen.uasset" 256
"../../../../../../Users/Mo/Documents/GitHub/GAME-2303/SimpleUnrealFPS/Content/titleScreen.umap" 257
"../../../Engine/Content/Maps/Entry_BuiltData.uasset" 258
"../../../Engine/Content/Maps/Entry.umap" 259
